{"C:\\Users\\Saul\\Documents\\PROGRAMACION\\SPHERE\\frontend\\src\\components\\chat\\ArtifactCard.tsx": {"path":"C:\\Users\\Saul\\Documents\\PROGRAMACION\\SPHERE\\frontend\\src\\components\\chat\\ArtifactCard.tsx","statementMap":{"0":{"start":{"line":14,"column":16},"end":{"line":19,"column":null}},"1":{"start":{"line":15,"column":4},"end":{"line":15,"column":null}},"2":{"start":{"line":15,"column":50},"end":{"line":15,"column":null}},"3":{"start":{"line":16,"column":4},"end":{"line":16,"column":null}},"4":{"start":{"line":16,"column":31},"end":{"line":16,"column":null}},"5":{"start":{"line":17,"column":4},"end":{"line":17,"column":null}},"6":{"start":{"line":17,"column":29},"end":{"line":17,"column":null}},"7":{"start":{"line":18,"column":4},"end":{"line":18,"column":null}},"8":{"start":{"line":22,"column":41},"end":{"line":22,"column":null}},"9":{"start":{"line":25,"column":29},"end":{"line":27,"column":null}},"10":{"start":{"line":26,"column":30},"end":{"line":26,"column":49}},"11":{"start":{"line":27,"column":30},"end":{"line":27,"column":65}},"12":{"start":{"line":29,"column":23},"end":{"line":37,"column":null}},"13":{"start":{"line":30,"column":8},"end":{"line":36,"column":null}},"14":{"start":{"line":31,"column":12},"end":{"line":31,"column":null}},"15":{"start":{"line":35,"column":12},"end":{"line":35,"column":null}},"16":{"start":{"line":39,"column":27},"end":{"line":57,"column":null}},"17":{"start":{"line":40,"column":8},"end":{"line":40,"column":null}},"18":{"start":{"line":40,"column":31},"end":{"line":40,"column":null}},"19":{"start":{"line":42,"column":14},"end":{"line":42,"column":null}},"20":{"start":{"line":43,"column":26},"end":{"line":43,"column":null}},"21":{"start":{"line":46,"column":25},"end":{"line":48,"column":null}},"22":{"start":{"line":50,"column":21},"end":{"line":50,"column":null}},"23":{"start":{"line":51,"column":20},"end":{"line":51,"column":null}},"24":{"start":{"line":52,"column":18},"end":{"line":52,"column":null}},"25":{"start":{"line":53,"column":8},"end":{"line":53,"column":null}},"26":{"start":{"line":54,"column":8},"end":{"line":54,"column":null}},"27":{"start":{"line":55,"column":8},"end":{"line":55,"column":null}},"28":{"start":{"line":56,"column":8},"end":{"line":56,"column":null}},"29":{"start":{"line":59,"column":23},"end":{"line":63,"column":null}},"30":{"start":{"line":60,"column":22},"end":{"line":60,"column":null}},"31":{"start":{"line":61,"column":8},"end":{"line":61,"column":null}},"32":{"start":{"line":61,"column":26},"end":{"line":61,"column":null}},"33":{"start":{"line":62,"column":8},"end":{"line":62,"column":null}},"34":{"start":{"line":66,"column":18},"end":{"line":66,"column":null}},"35":{"start":{"line":67,"column":27},"end":{"line":67,"column":null}},"36":{"start":{"line":68,"column":17},"end":{"line":68,"column":null}},"37":{"start":{"line":70,"column":4},"end":{"line":112,"column":null}}},"fnMap":{"0":{"name":"(anonymous_0)","decl":{"start":{"line":14,"column":16},"end":{"line":14,"column":17}},"loc":{"start":{"line":14,"column":56},"end":{"line":19,"column":null}},"line":14},"1":{"name":"ArtifactCard","decl":{"start":{"line":21,"column":16},"end":{"line":21,"column":29}},"loc":{"start":{"line":21,"column":116},"end":{"line":114,"column":null}},"line":21},"2":{"name":"(anonymous_2)","decl":{"start":{"line":26,"column":25},"end":{"line":26,"column":30}},"loc":{"start":{"line":26,"column":30},"end":{"line":26,"column":49}},"line":26},"3":{"name":"(anonymous_3)","decl":{"start":{"line":27,"column":25},"end":{"line":27,"column":30}},"loc":{"start":{"line":27,"column":30},"end":{"line":27,"column":65}},"line":27},"4":{"name":"(anonymous_4)","decl":{"start":{"line":29,"column":23},"end":{"line":29,"column":29}},"loc":{"start":{"line":29,"column":29},"end":{"line":37,"column":null}},"line":29},"5":{"name":"(anonymous_5)","decl":{"start":{"line":39,"column":27},"end":{"line":39,"column":33}},"loc":{"start":{"line":39,"column":33},"end":{"line":57,"column":null}},"line":39},"6":{"name":"(anonymous_6)","decl":{"start":{"line":59,"column":23},"end":{"line":59,"column":24}},"loc":{"start":{"line":59,"column":44},"end":{"line":63,"column":null}},"line":59}},"branchMap":{"0":{"loc":{"start":{"line":15,"column":4},"end":{"line":15,"column":null}},"type":"if","locations":[{"start":{"line":15,"column":4},"end":{"line":15,"column":null}},{"start":{},"end":{}}],"line":15},"1":{"loc":{"start":{"line":15,"column":8},"end":{"line":15,"column":50}},"type":"binary-expr","locations":[{"start":{"line":15,"column":8},"end":{"line":15,"column":30}},{"start":{"line":15,"column":30},"end":{"line":15,"column":50}}],"line":15},"2":{"loc":{"start":{"line":16,"column":4},"end":{"line":16,"column":null}},"type":"if","locations":[{"start":{"line":16,"column":4},"end":{"line":16,"column":null}},{"start":{},"end":{}}],"line":16},"3":{"loc":{"start":{"line":17,"column":4},"end":{"line":17,"column":null}},"type":"if","locations":[{"start":{"line":17,"column":4},"end":{"line":17,"column":null}},{"start":{},"end":{}}],"line":17},"4":{"loc":{"start":{"line":25,"column":29},"end":{"line":27,"column":null}},"type":"cond-expr","locations":[{"start":{"line":26,"column":10},"end":{"line":26,"column":null}},{"start":{"line":27,"column":10},"end":{"line":27,"column":null}}],"line":25},"5":{"loc":{"start":{"line":30,"column":8},"end":{"line":36,"column":null}},"type":"if","locations":[{"start":{"line":30,"column":8},"end":{"line":36,"column":null}},{"start":{"line":32,"column":15},"end":{"line":36,"column":null}}],"line":30},"6":{"loc":{"start":{"line":40,"column":8},"end":{"line":40,"column":null}},"type":"if","locations":[{"start":{"line":40,"column":8},"end":{"line":40,"column":null}},{"start":{},"end":{}}],"line":40},"7":{"loc":{"start":{"line":46,"column":25},"end":{"line":48,"column":null}},"type":"cond-expr","locations":[{"start":{"line":47,"column":14},"end":{"line":47,"column":null}},{"start":{"line":48,"column":14},"end":{"line":48,"column":null}}],"line":46},"8":{"loc":{"start":{"line":61,"column":8},"end":{"line":61,"column":null}},"type":"if","locations":[{"start":{"line":61,"column":8},"end":{"line":61,"column":null}},{"start":{},"end":{}}],"line":61},"9":{"loc":{"start":{"line":66,"column":18},"end":{"line":66,"column":null}},"type":"binary-expr","locations":[{"start":{"line":66,"column":18},"end":{"line":66,"column":32}},{"start":{"line":66,"column":32},"end":{"line":66,"column":60}},{"start":{"line":66,"column":60},"end":{"line":66,"column":null}}],"line":66},"10":{"loc":{"start":{"line":66,"column":60},"end":{"line":66,"column":null}},"type":"cond-expr","locations":[{"start":{"line":66,"column":71},"end":{"line":66,"column":95}},{"start":{"line":66,"column":95},"end":{"line":66,"column":null}}],"line":66},"11":{"loc":{"start":{"line":67,"column":27},"end":{"line":67,"column":null}},"type":"binary-expr","locations":[{"start":{"line":67,"column":27},"end":{"line":67,"column":56}},{"start":{"line":67,"column":56},"end":{"line":67,"column":null}}],"line":67},"12":{"loc":{"start":{"line":84,"column":37},"end":{"line":84,"column":null}},"type":"binary-expr","locations":[{"start":{"line":84,"column":37},"end":{"line":84,"column":49}},{"start":{"line":84,"column":49},"end":{"line":84,"column":65}},{"start":{"line":84,"column":65},"end":{"line":84,"column":null}}],"line":84}},"s":{"0":1,"1":3,"2":0,"3":3,"4":0,"5":3,"6":0,"7":3,"8":3,"9":3,"10":2,"11":0,"12":3,"13":1,"14":1,"15":0,"16":3,"17":0,"18":0,"19":0,"20":0,"21":0,"22":0,"23":0,"24":0,"25":0,"26":0,"27":0,"28":0,"29":3,"30":3,"31":3,"32":3,"33":0,"34":3,"35":3,"36":3,"37":3},"f":{"0":3,"1":3,"2":2,"3":0,"4":1,"5":0,"6":3},"b":{"0":[0,3],"1":[3,3],"2":[0,3],"3":[0,3],"4":[3,0],"5":[1,0],"6":[0,0],"7":[0,0],"8":[3,0],"9":[3,0,0],"10":[0,0],"11":[3,1],"12":[3,0,0]},"meta":{"lastBranch":13,"lastFunction":7,"lastStatement":38,"seen":{"s:14:16:19:Infinity":0,"f:14:16:14:17":0,"b:15:4:15:Infinity:undefined:undefined:undefined:undefined":0,"s:15:4:15:Infinity":1,"b:15:8:15:30:15:30:15:50":1,"s:15:50:15:Infinity":2,"b:16:4:16:Infinity:undefined:undefined:undefined:undefined":2,"s:16:4:16:Infinity":3,"s:16:31:16:Infinity":4,"b:17:4:17:Infinity:undefined:undefined:undefined:undefined":3,"s:17:4:17:Infinity":5,"s:17:29:17:Infinity":6,"s:18:4:18:Infinity":7,"f:21:16:21:29":1,"s:22:41:22:Infinity":8,"s:25:29:27:Infinity":9,"b:26:10:26:Infinity:27:10:27:Infinity":4,"f:26:25:26:30":2,"s:26:30:26:49":10,"f:27:25:27:30":3,"s:27:30:27:65":11,"s:29:23:37:Infinity":12,"f:29:23:29:29":4,"b:30:8:36:Infinity:32:15:36:Infinity":5,"s:30:8:36:Infinity":13,"s:31:12:31:Infinity":14,"s:35:12:35:Infinity":15,"s:39:27:57:Infinity":16,"f:39:27:39:33":5,"b:40:8:40:Infinity:undefined:undefined:undefined:undefined":6,"s:40:8:40:Infinity":17,"s:40:31:40:Infinity":18,"s:42:14:42:Infinity":19,"s:43:26:43:Infinity":20,"s:46:25:48:Infinity":21,"b:47:14:47:Infinity:48:14:48:Infinity":7,"s:50:21:50:Infinity":22,"s:51:20:51:Infinity":23,"s:52:18:52:Infinity":24,"s:53:8:53:Infinity":25,"s:54:8:54:Infinity":26,"s:55:8:55:Infinity":27,"s:56:8:56:Infinity":28,"s:59:23:63:Infinity":29,"f:59:23:59:24":6,"s:60:22:60:Infinity":30,"b:61:8:61:Infinity:undefined:undefined:undefined:undefined":8,"s:61:8:61:Infinity":31,"s:61:26:61:Infinity":32,"s:62:8:62:Infinity":33,"s:66:18:66:Infinity":34,"b:66:18:66:32:66:32:66:60:66:60:66:Infinity":9,"b:66:71:66:95:66:95:66:Infinity":10,"s:67:27:67:Infinity":35,"b:67:27:67:56:67:56:67:Infinity":11,"s:68:17:68:Infinity":36,"s:70:4:112:Infinity":37,"b:84:37:84:49:84:49:84:65:84:65:84:Infinity":12}}}
,"C:\\Users\\Saul\\Documents\\PROGRAMACION\\SPHERE\\frontend\\src\\lib\\errors.ts": {"path":"C:\\Users\\Saul\\Documents\\PROGRAMACION\\SPHERE\\frontend\\src\\lib\\errors.ts","statementMap":{"0":{"start":{"line":13,"column":8},"end":{"line":13,"column":null}},"1":{"start":{"line":9,"column":15},"end":{"line":9,"column":null}},"2":{"start":{"line":10,"column":15},"end":{"line":10,"column":null}},"3":{"start":{"line":11,"column":15},"end":{"line":11,"column":null}},"4":{"start":{"line":14,"column":8},"end":{"line":14,"column":null}},"5":{"start":{"line":23,"column":8},"end":{"line":23,"column":null}},"6":{"start":{"line":24,"column":8},"end":{"line":24,"column":null}},"7":{"start":{"line":33,"column":8},"end":{"line":33,"column":null}},"8":{"start":{"line":34,"column":8},"end":{"line":34,"column":null}},"9":{"start":{"line":43,"column":8},"end":{"line":43,"column":null}},"10":{"start":{"line":44,"column":8},"end":{"line":44,"column":null}}},"fnMap":{"0":{"name":"(anonymous_0)","decl":{"start":{"line":8,"column":4},"end":{"line":8,"column":null}},"loc":{"start":{"line":12,"column":6},"end":{"line":15,"column":null}},"line":12},"1":{"name":"(anonymous_1)","decl":{"start":{"line":22,"column":4},"end":{"line":22,"column":16}},"loc":{"start":{"line":22,"column":77},"end":{"line":25,"column":null}},"line":22},"2":{"name":"(anonymous_2)","decl":{"start":{"line":32,"column":4},"end":{"line":32,"column":16}},"loc":{"start":{"line":32,"column":77},"end":{"line":35,"column":null}},"line":32},"3":{"name":"(anonymous_3)","decl":{"start":{"line":42,"column":4},"end":{"line":42,"column":16}},"loc":{"start":{"line":42,"column":77},"end":{"line":45,"column":null}},"line":42}},"branchMap":{},"s":{"0":0,"1":0,"2":0,"3":0,"4":0,"5":0,"6":0,"7":0,"8":0,"9":0,"10":0},"f":{"0":0,"1":0,"2":0,"3":0},"b":{},"meta":{"lastBranch":0,"lastFunction":4,"lastStatement":11,"seen":{"f:8:4:8:Infinity":0,"s:13:8:13:Infinity":0,"s:9:15:9:Infinity":1,"s:10:15:10:Infinity":2,"s:11:15:11:Infinity":3,"s:14:8:14:Infinity":4,"f:22:4:22:16":1,"s:23:8:23:Infinity":5,"s:24:8:24:Infinity":6,"f:32:4:32:16":2,"s:33:8:33:Infinity":7,"s:34:8:34:Infinity":8,"f:42:4:42:16":3,"s:43:8:43:Infinity":9,"s:44:8:44:Infinity":10}}}
,"C:\\Users\\Saul\\Documents\\PROGRAMACION\\SPHERE\\frontend\\src\\services\\api.ts": {"path":"C:\\Users\\Saul\\Documents\\PROGRAMACION\\SPHERE\\frontend\\src\\services\\api.ts","statementMap":{"0":{"start":{"line":1,"column":16},"end":{"line":1,"column":null}},"1":{"start":{"line":3,"column":0},"end":{"line":5,"column":null}},"2":{"start":{"line":4,"column":4},"end":{"line":4,"column":null}},"3":{"start":{"line":23,"column":27},"end":{"line":206,"column":null}},"4":{"start":{"line":30,"column":8},"end":{"line":51,"column":null}},"5":{"start":{"line":31,"column":29},"end":{"line":40,"column":null}},"6":{"start":{"line":42,"column":12},"end":{"line":44,"column":null}},"7":{"start":{"line":43,"column":16},"end":{"line":43,"column":null}},"8":{"start":{"line":46,"column":25},"end":{"line":46,"column":null}},"9":{"start":{"line":47,"column":12},"end":{"line":47,"column":null}},"10":{"start":{"line":49,"column":12},"end":{"line":49,"column":null}},"11":{"start":{"line":50,"column":12},"end":{"line":50,"column":null}},"12":{"start":{"line":65,"column":8},"end":{"line":157,"column":null}},"13":{"start":{"line":66,"column":29},"end":{"line":73,"column":null}},"14":{"start":{"line":75,"column":12},"end":{"line":75,"column":null}},"15":{"start":{"line":75,"column":30},"end":{"line":75,"column":null}},"16":{"start":{"line":76,"column":12},"end":{"line":76,"column":null}},"17":{"start":{"line":76,"column":32},"end":{"line":76,"column":null}},"18":{"start":{"line":78,"column":27},"end":{"line":78,"column":null}},"19":{"start":{"line":79,"column":28},"end":{"line":79,"column":null}},"20":{"start":{"line":80,"column":25},"end":{"line":80,"column":null}},"21":{"start":{"line":82,"column":12},"end":{"line":142,"column":null}},"22":{"start":{"line":84,"column":16},"end":{"line":87,"column":null}},"23":{"start":{"line":85,"column":20},"end":{"line":85,"column":null}},"24":{"start":{"line":86,"column":20},"end":{"line":86,"column":null}},"25":{"start":{"line":89,"column":40},"end":{"line":89,"column":null}},"26":{"start":{"line":90,"column":16},"end":{"line":90,"column":null}},"27":{"start":{"line":90,"column":26},"end":{"line":90,"column":null}},"28":{"start":{"line":92,"column":30},"end":{"line":92,"column":null}},"29":{"start":{"line":93,"column":16},"end":{"line":93,"column":null}},"30":{"start":{"line":96,"column":30},"end":{"line":96,"column":null}},"31":{"start":{"line":97,"column":16},"end":{"line":97,"column":null}},"32":{"start":{"line":99,"column":16},"end":{"line":141,"column":null}},"33":{"start":{"line":100,"column":36},"end":{"line":100,"column":null}},"34":{"start":{"line":101,"column":20},"end":{"line":101,"column":null}},"35":{"start":{"line":101,"column":55},"end":{"line":101,"column":null}},"36":{"start":{"line":103,"column":36},"end":{"line":103,"column":null}},"37":{"start":{"line":105,"column":20},"end":{"line":108,"column":null}},"38":{"start":{"line":106,"column":24},"end":{"line":106,"column":null}},"39":{"start":{"line":107,"column":24},"end":{"line":107,"column":null}},"40":{"start":{"line":111,"column":20},"end":{"line":140,"column":null}},"41":{"start":{"line":112,"column":37},"end":{"line":112,"column":null}},"42":{"start":{"line":115,"column":24},"end":{"line":118,"column":null}},"43":{"start":{"line":116,"column":28},"end":{"line":116,"column":null}},"44":{"start":{"line":117,"column":28},"end":{"line":117,"column":null}},"45":{"start":{"line":120,"column":24},"end":{"line":136,"column":null}},"46":{"start":{"line":121,"column":28},"end":{"line":121,"column":null}},"47":{"start":{"line":122,"column":24},"end":{"line":136,"column":null}},"48":{"start":{"line":123,"column":28},"end":{"line":123,"column":null}},"49":{"start":{"line":124,"column":24},"end":{"line":136,"column":null}},"50":{"start":{"line":125,"column":28},"end":{"line":129,"column":null}},"51":{"start":{"line":130,"column":24},"end":{"line":136,"column":null}},"52":{"start":{"line":131,"column":28},"end":{"line":131,"column":null}},"53":{"start":{"line":132,"column":24},"end":{"line":136,"column":null}},"54":{"start":{"line":133,"column":28},"end":{"line":133,"column":null}},"55":{"start":{"line":134,"column":24},"end":{"line":136,"column":null}},"56":{"start":{"line":135,"column":28},"end":{"line":135,"column":null}},"57":{"start":{"line":139,"column":24},"end":{"line":139,"column":null}},"58":{"start":{"line":145,"column":12},"end":{"line":147,"column":null}},"59":{"start":{"line":146,"column":16},"end":{"line":146,"column":null}},"60":{"start":{"line":151,"column":12},"end":{"line":154,"column":null}},"61":{"start":{"line":152,"column":16},"end":{"line":152,"column":null}},"62":{"start":{"line":153,"column":16},"end":{"line":153,"column":null}},"63":{"start":{"line":155,"column":12},"end":{"line":155,"column":null}},"64":{"start":{"line":156,"column":12},"end":{"line":156,"column":null}},"65":{"start":{"line":164,"column":25},"end":{"line":168,"column":null}},"66":{"start":{"line":169,"column":8},"end":{"line":171,"column":null}},"67":{"start":{"line":170,"column":12},"end":{"line":170,"column":null}},"68":{"start":{"line":172,"column":8},"end":{"line":172,"column":null}},"69":{"start":{"line":176,"column":25},"end":{"line":176,"column":null}},"70":{"start":{"line":177,"column":8},"end":{"line":179,"column":null}},"71":{"start":{"line":178,"column":12},"end":{"line":178,"column":null}},"72":{"start":{"line":180,"column":8},"end":{"line":180,"column":null}},"73":{"start":{"line":184,"column":25},"end":{"line":184,"column":null}},"74":{"start":{"line":185,"column":8},"end":{"line":185,"column":null}},"75":{"start":{"line":190,"column":25},"end":{"line":190,"column":null}},"76":{"start":{"line":191,"column":8},"end":{"line":191,"column":null}},"77":{"start":{"line":195,"column":25},"end":{"line":199,"column":null}},"78":{"start":{"line":200,"column":8},"end":{"line":200,"column":null}},"79":{"start":{"line":204,"column":8},"end":{"line":204,"column":null}}},"fnMap":{"0":{"name":"(anonymous_0)","decl":{"start":{"line":29,"column":10},"end":{"line":29,"column":22}},"loc":{"start":{"line":29,"column":83},"end":{"line":52,"column":null}},"line":29},"1":{"name":"(anonymous_1)","decl":{"start":{"line":58,"column":10},"end":{"line":58,"column":null}},"loc":{"start":{"line":64,"column":6},"end":{"line":158,"column":null}},"line":64},"2":{"name":"(anonymous_2)","decl":{"start":{"line":163,"column":10},"end":{"line":163,"column":24}},"loc":{"start":{"line":163,"column":54},"end":{"line":173,"column":null}},"line":163},"3":{"name":"(anonymous_3)","decl":{"start":{"line":175,"column":10},"end":{"line":175,"column":40}},"loc":{"start":{"line":175,"column":40},"end":{"line":181,"column":null}},"line":175},"4":{"name":"(anonymous_4)","decl":{"start":{"line":183,"column":10},"end":{"line":183,"column":28}},"loc":{"start":{"line":183,"column":61},"end":{"line":186,"column":null}},"line":183},"5":{"name":"(anonymous_5)","decl":{"start":{"line":189,"column":10},"end":{"line":189,"column":44}},"loc":{"start":{"line":189,"column":44},"end":{"line":192,"column":null}},"line":189},"6":{"name":"(anonymous_6)","decl":{"start":{"line":194,"column":10},"end":{"line":194,"column":28}},"loc":{"start":{"line":194,"column":126},"end":{"line":201,"column":null}},"line":194},"7":{"name":"(anonymous_7)","decl":{"start":{"line":203,"column":10},"end":{"line":203,"column":28}},"loc":{"start":{"line":203,"column":60},"end":{"line":205,"column":null}},"line":203}},"branchMap":{"0":{"loc":{"start":{"line":1,"column":16},"end":{"line":1,"column":null}},"type":"binary-expr","locations":[{"start":{"line":1,"column":16},"end":{"line":1,"column":48}},{"start":{"line":1,"column":48},"end":{"line":1,"column":null}}],"line":1},"1":{"loc":{"start":{"line":3,"column":0},"end":{"line":5,"column":null}},"type":"if","locations":[{"start":{"line":3,"column":0},"end":{"line":5,"column":null}},{"start":{},"end":{}}],"line":3},"2":{"loc":{"start":{"line":42,"column":12},"end":{"line":44,"column":null}},"type":"if","locations":[{"start":{"line":42,"column":12},"end":{"line":44,"column":null}},{"start":{},"end":{}}],"line":42},"3":{"loc":{"start":{"line":75,"column":12},"end":{"line":75,"column":null}},"type":"if","locations":[{"start":{"line":75,"column":12},"end":{"line":75,"column":null}},{"start":{},"end":{}}],"line":75},"4":{"loc":{"start":{"line":76,"column":12},"end":{"line":76,"column":null}},"type":"if","locations":[{"start":{"line":76,"column":12},"end":{"line":76,"column":null}},{"start":{},"end":{}}],"line":76},"5":{"loc":{"start":{"line":84,"column":16},"end":{"line":87,"column":null}},"type":"if","locations":[{"start":{"line":84,"column":16},"end":{"line":87,"column":null}},{"start":{},"end":{}}],"line":84},"6":{"loc":{"start":{"line":90,"column":16},"end":{"line":90,"column":null}},"type":"if","locations":[{"start":{"line":90,"column":16},"end":{"line":90,"column":null}},{"start":{},"end":{}}],"line":90},"7":{"loc":{"start":{"line":97,"column":25},"end":{"line":97,"column":null}},"type":"binary-expr","locations":[{"start":{"line":97,"column":25},"end":{"line":97,"column":40}},{"start":{"line":97,"column":40},"end":{"line":97,"column":null}}],"line":97},"8":{"loc":{"start":{"line":101,"column":20},"end":{"line":101,"column":null}},"type":"if","locations":[{"start":{"line":101,"column":20},"end":{"line":101,"column":null}},{"start":{},"end":{}}],"line":101},"9":{"loc":{"start":{"line":105,"column":20},"end":{"line":108,"column":null}},"type":"if","locations":[{"start":{"line":105,"column":20},"end":{"line":108,"column":null}},{"start":{},"end":{}}],"line":105},"10":{"loc":{"start":{"line":115,"column":24},"end":{"line":118,"column":null}},"type":"if","locations":[{"start":{"line":115,"column":24},"end":{"line":118,"column":null}},{"start":{},"end":{}}],"line":115},"11":{"loc":{"start":{"line":115,"column":28},"end":{"line":115,"column":71}},"type":"binary-expr","locations":[{"start":{"line":115,"column":28},"end":{"line":115,"column":56}},{"start":{"line":115,"column":56},"end":{"line":115,"column":71}}],"line":115},"12":{"loc":{"start":{"line":120,"column":24},"end":{"line":136,"column":null}},"type":"if","locations":[{"start":{"line":120,"column":24},"end":{"line":136,"column":null}},{"start":{"line":122,"column":24},"end":{"line":136,"column":null}}],"line":120},"13":{"loc":{"start":{"line":120,"column":28},"end":{"line":120,"column":87}},"type":"binary-expr","locations":[{"start":{"line":120,"column":28},"end":{"line":120,"column":53}},{"start":{"line":120,"column":53},"end":{"line":120,"column":87}}],"line":120},"14":{"loc":{"start":{"line":122,"column":24},"end":{"line":136,"column":null}},"type":"if","locations":[{"start":{"line":122,"column":24},"end":{"line":136,"column":null}},{"start":{"line":124,"column":24},"end":{"line":136,"column":null}}],"line":122},"15":{"loc":{"start":{"line":122,"column":35},"end":{"line":122,"column":70}},"type":"binary-expr","locations":[{"start":{"line":122,"column":35},"end":{"line":122,"column":59}},{"start":{"line":122,"column":59},"end":{"line":122,"column":70}}],"line":122},"16":{"loc":{"start":{"line":124,"column":24},"end":{"line":136,"column":null}},"type":"if","locations":[{"start":{"line":124,"column":24},"end":{"line":136,"column":null}},{"start":{"line":130,"column":24},"end":{"line":136,"column":null}}],"line":124},"17":{"loc":{"start":{"line":126,"column":39},"end":{"line":126,"column":null}},"type":"binary-expr","locations":[{"start":{"line":126,"column":39},"end":{"line":126,"column":53}},{"start":{"line":126,"column":53},"end":{"line":126,"column":null}}],"line":126},"18":{"loc":{"start":{"line":127,"column":47},"end":{"line":127,"column":null}},"type":"binary-expr","locations":[{"start":{"line":127,"column":47},"end":{"line":127,"column":69}},{"start":{"line":127,"column":69},"end":{"line":127,"column":null}}],"line":127},"19":{"loc":{"start":{"line":128,"column":42},"end":{"line":128,"column":null}},"type":"binary-expr","locations":[{"start":{"line":128,"column":42},"end":{"line":128,"column":59}},{"start":{"line":128,"column":59},"end":{"line":128,"column":null}}],"line":128},"20":{"loc":{"start":{"line":130,"column":24},"end":{"line":136,"column":null}},"type":"if","locations":[{"start":{"line":130,"column":24},"end":{"line":136,"column":null}},{"start":{"line":132,"column":24},"end":{"line":136,"column":null}}],"line":130},"21":{"loc":{"start":{"line":130,"column":35},"end":{"line":130,"column":103}},"type":"binary-expr","locations":[{"start":{"line":130,"column":35},"end":{"line":130,"column":69}},{"start":{"line":130,"column":69},"end":{"line":130,"column":103}}],"line":130},"22":{"loc":{"start":{"line":132,"column":24},"end":{"line":136,"column":null}},"type":"if","locations":[{"start":{"line":132,"column":24},"end":{"line":136,"column":null}},{"start":{"line":134,"column":24},"end":{"line":136,"column":null}}],"line":132},"23":{"loc":{"start":{"line":134,"column":24},"end":{"line":136,"column":null}},"type":"if","locations":[{"start":{"line":134,"column":24},"end":{"line":136,"column":null}},{"start":{},"end":{}}],"line":134},"24":{"loc":{"start":{"line":135,"column":44},"end":{"line":135,"column":82}},"type":"binary-expr","locations":[{"start":{"line":135,"column":44},"end":{"line":135,"column":60}},{"start":{"line":135,"column":60},"end":{"line":135,"column":82}}],"line":135},"25":{"loc":{"start":{"line":145,"column":12},"end":{"line":147,"column":null}},"type":"if","locations":[{"start":{"line":145,"column":12},"end":{"line":147,"column":null}},{"start":{},"end":{}}],"line":145},"26":{"loc":{"start":{"line":151,"column":12},"end":{"line":154,"column":null}},"type":"if","locations":[{"start":{"line":151,"column":12},"end":{"line":154,"column":null}},{"start":{},"end":{}}],"line":151},"27":{"loc":{"start":{"line":169,"column":8},"end":{"line":171,"column":null}},"type":"if","locations":[{"start":{"line":169,"column":8},"end":{"line":171,"column":null}},{"start":{},"end":{}}],"line":169},"28":{"loc":{"start":{"line":177,"column":8},"end":{"line":179,"column":null}},"type":"if","locations":[{"start":{"line":177,"column":8},"end":{"line":179,"column":null}},{"start":{},"end":{}}],"line":177}},"s":{"0":2,"1":2,"2":2,"3":2,"4":0,"5":0,"6":0,"7":0,"8":0,"9":0,"10":0,"11":0,"12":0,"13":0,"14":0,"15":0,"16":0,"17":0,"18":0,"19":0,"20":0,"21":0,"22":0,"23":0,"24":0,"25":0,"26":0,"27":0,"28":0,"29":0,"30":0,"31":0,"32":0,"33":0,"34":0,"35":0,"36":0,"37":0,"38":0,"39":0,"40":0,"41":0,"42":0,"43":0,"44":0,"45":0,"46":0,"47":0,"48":0,"49":0,"50":0,"51":0,"52":0,"53":0,"54":0,"55":0,"56":0,"57":0,"58":0,"59":0,"60":0,"61":0,"62":0,"63":0,"64":0,"65":0,"66":0,"67":0,"68":0,"69":0,"70":0,"71":0,"72":0,"73":2,"74":2,"75":0,"76":0,"77":0,"78":0,"79":0},"f":{"0":0,"1":0,"2":0,"3":0,"4":2,"5":0,"6":0,"7":0},"b":{"0":[2,2],"1":[2,0],"2":[0,0],"3":[0,0],"4":[0,0],"5":[0,0],"6":[0,0],"7":[0,0],"8":[0,0],"9":[0,0],"10":[0,0],"11":[0,0],"12":[0,0],"13":[0,0],"14":[0,0],"15":[0,0],"16":[0,0],"17":[0,0],"18":[0,0],"19":[0,0],"20":[0,0],"21":[0,0],"22":[0,0],"23":[0,0],"24":[0,0],"25":[0,0],"26":[0,0],"27":[0,0],"28":[0,0]},"meta":{"lastBranch":29,"lastFunction":8,"lastStatement":80,"seen":{"s:1:16:1:Infinity":0,"b:1:16:1:48:1:48:1:Infinity":0,"b:3:0:5:Infinity:undefined:undefined:undefined:undefined":1,"s:3:0:5:Infinity":1,"s:4:4:4:Infinity":2,"s:23:27:206:Infinity":3,"f:29:10:29:22":0,"s:30:8:51:Infinity":4,"s:31:29:40:Infinity":5,"b:42:12:44:Infinity:undefined:undefined:undefined:undefined":2,"s:42:12:44:Infinity":6,"s:43:16:43:Infinity":7,"s:46:25:46:Infinity":8,"s:47:12:47:Infinity":9,"s:49:12:49:Infinity":10,"s:50:12:50:Infinity":11,"f:58:10:58:Infinity":1,"s:65:8:157:Infinity":12,"s:66:29:73:Infinity":13,"b:75:12:75:Infinity:undefined:undefined:undefined:undefined":3,"s:75:12:75:Infinity":14,"s:75:30:75:Infinity":15,"b:76:12:76:Infinity:undefined:undefined:undefined:undefined":4,"s:76:12:76:Infinity":16,"s:76:32:76:Infinity":17,"s:78:27:78:Infinity":18,"s:79:28:79:Infinity":19,"s:80:25:80:Infinity":20,"s:82:12:142:Infinity":21,"b:84:16:87:Infinity:undefined:undefined:undefined:undefined":5,"s:84:16:87:Infinity":22,"s:85:20:85:Infinity":23,"s:86:20:86:Infinity":24,"s:89:40:89:Infinity":25,"b:90:16:90:Infinity:undefined:undefined:undefined:undefined":6,"s:90:16:90:Infinity":26,"s:90:26:90:Infinity":27,"s:92:30:92:Infinity":28,"s:93:16:93:Infinity":29,"s:96:30:96:Infinity":30,"s:97:16:97:Infinity":31,"b:97:25:97:40:97:40:97:Infinity":7,"s:99:16:141:Infinity":32,"s:100:36:100:Infinity":33,"b:101:20:101:Infinity:undefined:undefined:undefined:undefined":8,"s:101:20:101:Infinity":34,"s:101:55:101:Infinity":35,"s:103:36:103:Infinity":36,"b:105:20:108:Infinity:undefined:undefined:undefined:undefined":9,"s:105:20:108:Infinity":37,"s:106:24:106:Infinity":38,"s:107:24:107:Infinity":39,"s:111:20:140:Infinity":40,"s:112:37:112:Infinity":41,"b:115:24:118:Infinity:undefined:undefined:undefined:undefined":10,"s:115:24:118:Infinity":42,"b:115:28:115:56:115:56:115:71":11,"s:116:28:116:Infinity":43,"s:117:28:117:Infinity":44,"b:120:24:136:Infinity:122:24:136:Infinity":12,"s:120:24:136:Infinity":45,"b:120:28:120:53:120:53:120:87":13,"s:121:28:121:Infinity":46,"b:122:24:136:Infinity:124:24:136:Infinity":14,"s:122:24:136:Infinity":47,"b:122:35:122:59:122:59:122:70":15,"s:123:28:123:Infinity":48,"b:124:24:136:Infinity:130:24:136:Infinity":16,"s:124:24:136:Infinity":49,"s:125:28:129:Infinity":50,"b:126:39:126:53:126:53:126:Infinity":17,"b:127:47:127:69:127:69:127:Infinity":18,"b:128:42:128:59:128:59:128:Infinity":19,"b:130:24:136:Infinity:132:24:136:Infinity":20,"s:130:24:136:Infinity":51,"b:130:35:130:69:130:69:130:103":21,"s:131:28:131:Infinity":52,"b:132:24:136:Infinity:134:24:136:Infinity":22,"s:132:24:136:Infinity":53,"s:133:28:133:Infinity":54,"b:134:24:136:Infinity:undefined:undefined:undefined:undefined":23,"s:134:24:136:Infinity":55,"s:135:28:135:Infinity":56,"b:135:44:135:60:135:60:135:82":24,"s:139:24:139:Infinity":57,"b:145:12:147:Infinity:undefined:undefined:undefined:undefined":25,"s:145:12:147:Infinity":58,"s:146:16:146:Infinity":59,"b:151:12:154:Infinity:undefined:undefined:undefined:undefined":26,"s:151:12:154:Infinity":60,"s:152:16:152:Infinity":61,"s:153:16:153:Infinity":62,"s:155:12:155:Infinity":63,"s:156:12:156:Infinity":64,"f:163:10:163:24":2,"s:164:25:168:Infinity":65,"b:169:8:171:Infinity:undefined:undefined:undefined:undefined":27,"s:169:8:171:Infinity":66,"s:170:12:170:Infinity":67,"s:172:8:172:Infinity":68,"f:175:10:175:40":3,"s:176:25:176:Infinity":69,"b:177:8:179:Infinity:undefined:undefined:undefined:undefined":28,"s:177:8:179:Infinity":70,"s:178:12:178:Infinity":71,"s:180:8:180:Infinity":72,"f:183:10:183:28":4,"s:184:25:184:Infinity":73,"s:185:8:185:Infinity":74,"f:189:10:189:44":5,"s:190:25:190:Infinity":75,"s:191:8:191:Infinity":76,"f:194:10:194:28":6,"s:195:25:199:Infinity":77,"s:200:8:200:Infinity":78,"f:203:10:203:28":7,"s:204:8:204:Infinity":79}}}
,"C:\\Users\\Saul\\Documents\\PROGRAMACION\\SPHERE\\frontend\\src\\store\\useChatStore.ts": {"path":"C:\\Users\\Saul\\Documents\\PROGRAMACION\\SPHERE\\frontend\\src\\store\\useChatStore.ts","statementMap":{"0":{"start":{"line":48,"column":48},"end":{"line":54,"column":null}},"1":{"start":{"line":57,"column":29},"end":{"line":113,"column":null}},"2":{"start":{"line":116,"column":23},"end":{"line":125,"column":null}},"3":{"start":{"line":117,"column":18},"end":{"line":117,"column":null}},"4":{"start":{"line":117,"column":35},"end":{"line":117,"column":51}},"5":{"start":{"line":118,"column":4},"end":{"line":124,"column":null}},"6":{"start":{"line":128,"column":31},"end":{"line":128,"column":null}},"7":{"start":{"line":128,"column":52},"end":{"line":128,"column":null}},"8":{"start":{"line":128,"column":71},"end":{"line":128,"column":92}},"9":{"start":{"line":130,"column":13},"end":{"line":567,"column":null}},"10":{"start":{"line":130,"column":61},"end":{"line":567,"column":2}},"11":{"start":{"line":155,"column":56},"end":{"line":155,"column":null}},"12":{"start":{"line":156,"column":8},"end":{"line":156,"column":null}},"13":{"start":{"line":159,"column":24},"end":{"line":159,"column":null}},"14":{"start":{"line":162,"column":21},"end":{"line":162,"column":null}},"15":{"start":{"line":165,"column":8},"end":{"line":170,"column":null}},"16":{"start":{"line":166,"column":29},"end":{"line":166,"column":null}},"17":{"start":{"line":167,"column":12},"end":{"line":167,"column":null}},"18":{"start":{"line":169,"column":12},"end":{"line":169,"column":null}},"19":{"start":{"line":174,"column":8},"end":{"line":174,"column":null}},"20":{"start":{"line":174,"column":24},"end":{"line":174,"column":86}},"21":{"start":{"line":175,"column":8},"end":{"line":192,"column":null}},"22":{"start":{"line":176,"column":37},"end":{"line":176,"column":null}},"23":{"start":{"line":178,"column":36},"end":{"line":187,"column":null}},"24":{"start":{"line":178,"column":70},"end":{"line":187,"column":14}},"25":{"start":{"line":188,"column":12},"end":{"line":188,"column":null}},"26":{"start":{"line":190,"column":32},"end":{"line":190,"column":null}},"27":{"start":{"line":191,"column":12},"end":{"line":191,"column":null}},"28":{"start":{"line":191,"column":28},"end":{"line":191,"column":105}},"29":{"start":{"line":196,"column":8},"end":{"line":196,"column":null}},"30":{"start":{"line":196,"column":24},"end":{"line":196,"column":86}},"31":{"start":{"line":197,"column":8},"end":{"line":214,"column":null}},"32":{"start":{"line":198,"column":33},"end":{"line":198,"column":null}},"33":{"start":{"line":199,"column":34},"end":{"line":208,"column":null}},"34":{"start":{"line":209,"column":12},"end":{"line":209,"column":null}},"35":{"start":{"line":209,"column":26},"end":{"line":209,"column":76}},"36":{"start":{"line":211,"column":32},"end":{"line":211,"column":null}},"37":{"start":{"line":212,"column":12},"end":{"line":212,"column":null}},"38":{"start":{"line":212,"column":28},"end":{"line":212,"column":105}},"39":{"start":{"line":213,"column":12},"end":{"line":213,"column":null}},"40":{"start":{"line":218,"column":8},"end":{"line":223,"column":null}},"41":{"start":{"line":219,"column":12},"end":{"line":219,"column":null}},"42":{"start":{"line":220,"column":12},"end":{"line":220,"column":null}},"43":{"start":{"line":220,"column":26},"end":{"line":220,"column":88}},"44":{"start":{"line":220,"column":73},"end":{"line":220,"column":84}},"45":{"start":{"line":222,"column":12},"end":{"line":222,"column":null}},"46":{"start":{"line":227,"column":8},"end":{"line":227,"column":null}},"47":{"start":{"line":227,"column":24},"end":{"line":227,"column":88}},"48":{"start":{"line":228,"column":8},"end":{"line":259,"column":null}},"49":{"start":{"line":229,"column":29},"end":{"line":229,"column":null}},"50":{"start":{"line":230,"column":30},"end":{"line":230,"column":null}},"51":{"start":{"line":231,"column":26},"end":{"line":231,"column":null}},"52":{"start":{"line":231,"column":46},"end":{"line":231,"column":63}},"53":{"start":{"line":232,"column":26},"end":{"line":232,"column":null}},"54":{"start":{"line":234,"column":31},"end":{"line":234,"column":null}},"55":{"start":{"line":235,"column":30},"end":{"line":235,"column":null}},"56":{"start":{"line":237,"column":12},"end":{"line":250,"column":null}},"57":{"start":{"line":237,"column":28},"end":{"line":250,"column":14}},"58":{"start":{"line":252,"column":12},"end":{"line":252,"column":null}},"59":{"start":{"line":254,"column":32},"end":{"line":254,"column":null}},"60":{"start":{"line":255,"column":12},"end":{"line":257,"column":null}},"61":{"start":{"line":255,"column":28},"end":{"line":257,"column":14}},"62":{"start":{"line":258,"column":12},"end":{"line":258,"column":null}},"63":{"start":{"line":263,"column":64},"end":{"line":263,"column":null}},"64":{"start":{"line":264,"column":26},"end":{"line":264,"column":null}},"65":{"start":{"line":266,"column":8},"end":{"line":268,"column":null}},"66":{"start":{"line":266,"column":24},"end":{"line":268,"column":10}},"67":{"start":{"line":270,"column":8},"end":{"line":273,"column":null}},"68":{"start":{"line":271,"column":12},"end":{"line":271,"column":null}},"69":{"start":{"line":272,"column":12},"end":{"line":272,"column":null}},"70":{"start":{"line":275,"column":8},"end":{"line":277,"column":null}},"71":{"start":{"line":275,"column":24},"end":{"line":277,"column":10}},"72":{"start":{"line":279,"column":8},"end":{"line":345,"column":null}},"73":{"start":{"line":280,"column":28},"end":{"line":280,"column":null}},"74":{"start":{"line":281,"column":49},"end":{"line":281,"column":null}},"75":{"start":{"line":282,"column":46},"end":{"line":323,"column":null}},"76":{"start":{"line":283,"column":33},"end":{"line":283,"column":null}},"77":{"start":{"line":284,"column":16},"end":{"line":289,"column":null}},"78":{"start":{"line":284,"column":40},"end":{"line":284,"column":null}},"79":{"start":{"line":284,"column":47},"end":{"line":289,"column":null}},"80":{"start":{"line":286,"column":36},"end":{"line":286,"column":null}},"81":{"start":{"line":287,"column":34},"end":{"line":287,"column":null}},"82":{"start":{"line":287,"column":54},"end":{"line":287,"column":70}},"83":{"start":{"line":288,"column":20},"end":{"line":288,"column":null}},"84":{"start":{"line":293,"column":39},"end":{"line":293,"column":null}},"85":{"start":{"line":294,"column":38},"end":{"line":294,"column":null}},"86":{"start":{"line":297,"column":16},"end":{"line":314,"column":null}},"87":{"start":{"line":298,"column":70},"end":{"line":298,"column":null}},"88":{"start":{"line":299,"column":26},"end":{"line":299,"column":null}},"89":{"start":{"line":301,"column":47},"end":{"line":309,"column":null}},"90":{"start":{"line":311,"column":20},"end":{"line":311,"column":null}},"91":{"start":{"line":313,"column":20},"end":{"line":313,"column":null}},"92":{"start":{"line":316,"column":16},"end":{"line":322,"column":null}},"93":{"start":{"line":325,"column":12},"end":{"line":333,"column":null}},"94":{"start":{"line":325,"column":28},"end":{"line":333,"column":14}},"95":{"start":{"line":332,"column":76},"end":{"line":332,"column":92}},"96":{"start":{"line":335,"column":32},"end":{"line":339,"column":null}},"97":{"start":{"line":340,"column":12},"end":{"line":344,"column":null}},"98":{"start":{"line":340,"column":28},"end":{"line":344,"column":14}},"99":{"start":{"line":342,"column":76},"end":{"line":342,"column":92}},"100":{"start":{"line":348,"column":31},"end":{"line":352,"column":null}},"101":{"start":{"line":348,"column":47},"end":{"line":352,"column":6}},"102":{"start":{"line":354,"column":31},"end":{"line":357,"column":null}},"103":{"start":{"line":360,"column":8},"end":{"line":360,"column":null}},"104":{"start":{"line":361,"column":8},"end":{"line":361,"column":null}},"105":{"start":{"line":364,"column":31},"end":{"line":364,"column":null}},"106":{"start":{"line":364,"column":47},"end":{"line":364,"column":99}},"107":{"start":{"line":367,"column":8},"end":{"line":374,"column":null}},"108":{"start":{"line":367,"column":24},"end":{"line":374,"column":10}},"109":{"start":{"line":369,"column":16},"end":{"line":369,"column":null}},"110":{"start":{"line":372,"column":16},"end":{"line":372,"column":null}},"111":{"start":{"line":378,"column":8},"end":{"line":385,"column":null}},"112":{"start":{"line":378,"column":24},"end":{"line":385,"column":10}},"113":{"start":{"line":380,"column":16},"end":{"line":380,"column":null}},"114":{"start":{"line":383,"column":16},"end":{"line":383,"column":null}},"115":{"start":{"line":388,"column":29},"end":{"line":390,"column":null}},"116":{"start":{"line":388,"column":45},"end":{"line":390,"column":6}},"117":{"start":{"line":392,"column":32},"end":{"line":394,"column":null}},"118":{"start":{"line":392,"column":48},"end":{"line":394,"column":6}},"119":{"start":{"line":397,"column":54},"end":{"line":397,"column":null}},"120":{"start":{"line":398,"column":26},"end":{"line":398,"column":null}},"121":{"start":{"line":400,"column":24},"end":{"line":400,"column":null}},"122":{"start":{"line":401,"column":8},"end":{"line":403,"column":null}},"123":{"start":{"line":402,"column":12},"end":{"line":402,"column":null}},"124":{"start":{"line":405,"column":33},"end":{"line":410,"column":null}},"125":{"start":{"line":413,"column":8},"end":{"line":420,"column":null}},"126":{"start":{"line":413,"column":24},"end":{"line":420,"column":10}},"127":{"start":{"line":422,"column":8},"end":{"line":550,"column":null}},"128":{"start":{"line":423,"column":34},"end":{"line":423,"column":null}},"129":{"start":{"line":423,"column":54},"end":{"line":423,"column":78}},"130":{"start":{"line":425,"column":17},"end":{"line":425,"column":null}},"131":{"start":{"line":427,"column":18},"end":{"line":427,"column":null}},"132":{"start":{"line":428,"column":36},"end":{"line":434,"column":null}},"133":{"start":{"line":436,"column":12},"end":{"line":441,"column":null}},"134":{"start":{"line":436,"column":28},"end":{"line":441,"column":14}},"135":{"start":{"line":444,"column":36},"end":{"line":444,"column":null}},"136":{"start":{"line":446,"column":12},"end":{"line":541,"column":null}},"137":{"start":{"line":451,"column":24},"end":{"line":460,"column":null}},"138":{"start":{"line":451,"column":40},"end":{"line":460,"column":26}},"139":{"start":{"line":455,"column":36},"end":{"line":457,"column":null}},"140":{"start":{"line":463,"column":24},"end":{"line":472,"column":null}},"141":{"start":{"line":463,"column":40},"end":{"line":472,"column":26}},"142":{"start":{"line":467,"column":36},"end":{"line":469,"column":null}},"143":{"start":{"line":475,"column":104},"end":{"line":477,"column":null}},"144":{"start":{"line":479,"column":30},"end":{"line":479,"column":null}},"145":{"start":{"line":480,"column":51},"end":{"line":488,"column":null}},"146":{"start":{"line":490,"column":24},"end":{"line":490,"column":null}},"147":{"start":{"line":492,"column":24},"end":{"line":501,"column":null}},"148":{"start":{"line":492,"column":40},"end":{"line":501,"column":26}},"149":{"start":{"line":496,"column":36},"end":{"line":498,"column":null}},"150":{"start":{"line":504,"column":24},"end":{"line":504,"column":null}},"151":{"start":{"line":508,"column":43},"end":{"line":508,"column":null}},"152":{"start":{"line":509,"column":24},"end":{"line":509,"column":null}},"153":{"start":{"line":509,"column":41},"end":{"line":509,"column":null}},"154":{"start":{"line":511,"column":24},"end":{"line":515,"column":null}},"155":{"start":{"line":511,"column":40},"end":{"line":515,"column":26}},"156":{"start":{"line":513,"column":32},"end":{"line":513,"column":null}},"157":{"start":{"line":519,"column":24},"end":{"line":519,"column":null}},"158":{"start":{"line":522,"column":24},"end":{"line":524,"column":null}},"159":{"start":{"line":522,"column":40},"end":{"line":524,"column":26}},"160":{"start":{"line":523,"column":88},"end":{"line":523,"column":110}},"161":{"start":{"line":527,"column":24},"end":{"line":537,"column":null}},"162":{"start":{"line":527,"column":40},"end":{"line":537,"column":26}},"163":{"start":{"line":531,"column":36},"end":{"line":533,"column":null}},"164":{"start":{"line":536,"column":88},"end":{"line":536,"column":110}},"165":{"start":{"line":543,"column":32},"end":{"line":543,"column":null}},"166":{"start":{"line":544,"column":12},"end":{"line":547,"column":null}},"167":{"start":{"line":544,"column":28},"end":{"line":547,"column":14}},"168":{"start":{"line":545,"column":76},"end":{"line":545,"column":92}},"169":{"start":{"line":549,"column":12},"end":{"line":549,"column":null}},"170":{"start":{"line":553,"column":22},"end":{"line":566,"column":null}}},"fnMap":{"0":{"name":"(anonymous_0)","decl":{"start":{"line":116,"column":23},"end":{"line":116,"column":24}},"loc":{"start":{"line":116,"column":70},"end":{"line":125,"column":null}},"line":116},"1":{"name":"(anonymous_1)","decl":{"start":{"line":117,"column":30},"end":{"line":117,"column":35}},"loc":{"start":{"line":117,"column":35},"end":{"line":117,"column":51}},"line":117},"2":{"name":"(anonymous_2)","decl":{"start":{"line":128,"column":31},"end":{"line":128,"column":32}},"loc":{"start":{"line":128,"column":52},"end":{"line":128,"column":null}},"line":128},"3":{"name":"(anonymous_3)","decl":{"start":{"line":128,"column":66},"end":{"line":128,"column":71}},"loc":{"start":{"line":128,"column":71},"end":{"line":128,"column":92}},"line":128},"4":{"name":"(anonymous_4)","decl":{"start":{"line":130,"column":46},"end":{"line":130,"column":47}},"loc":{"start":{"line":130,"column":61},"end":{"line":567,"column":2}},"line":130},"5":{"name":"(anonymous_5)","decl":{"start":{"line":154,"column":24},"end":{"line":154,"column":30}},"loc":{"start":{"line":154,"column":30},"end":{"line":157,"column":null}},"line":154},"6":{"name":"(anonymous_6)","decl":{"start":{"line":159,"column":18},"end":{"line":159,"column":24}},"loc":{"start":{"line":159,"column":24},"end":{"line":159,"column":null}},"line":159},"7":{"name":"(anonymous_7)","decl":{"start":{"line":162,"column":15},"end":{"line":162,"column":21}},"loc":{"start":{"line":162,"column":21},"end":{"line":162,"column":null}},"line":162},"8":{"name":"(anonymous_8)","decl":{"start":{"line":164,"column":19},"end":{"line":164,"column":31}},"loc":{"start":{"line":164,"column":31},"end":{"line":171,"column":null}},"line":164},"9":{"name":"(anonymous_9)","decl":{"start":{"line":173,"column":23},"end":{"line":173,"column":35}},"loc":{"start":{"line":173,"column":35},"end":{"line":193,"column":null}},"line":173},"10":{"name":"(anonymous_10)","decl":{"start":{"line":174,"column":12},"end":{"line":174,"column":13}},"loc":{"start":{"line":174,"column":24},"end":{"line":174,"column":86}},"line":174},"11":{"name":"(anonymous_11)","decl":{"start":{"line":178,"column":57},"end":{"line":178,"column":58}},"loc":{"start":{"line":178,"column":70},"end":{"line":187,"column":14}},"line":178},"12":{"name":"(anonymous_12)","decl":{"start":{"line":191,"column":16},"end":{"line":191,"column":17}},"loc":{"start":{"line":191,"column":28},"end":{"line":191,"column":105}},"line":191},"13":{"name":"(anonymous_13)","decl":{"start":{"line":195,"column":20},"end":{"line":195,"column":27}},"loc":{"start":{"line":195,"column":36},"end":{"line":215,"column":null}},"line":195},"14":{"name":"(anonymous_14)","decl":{"start":{"line":196,"column":12},"end":{"line":196,"column":13}},"loc":{"start":{"line":196,"column":24},"end":{"line":196,"column":86}},"line":196},"15":{"name":"(anonymous_15)","decl":{"start":{"line":209,"column":16},"end":{"line":209,"column":26}},"loc":{"start":{"line":209,"column":26},"end":{"line":209,"column":76}},"line":209},"16":{"name":"(anonymous_16)","decl":{"start":{"line":212,"column":16},"end":{"line":212,"column":17}},"loc":{"start":{"line":212,"column":28},"end":{"line":212,"column":105}},"line":212},"17":{"name":"(anonymous_17)","decl":{"start":{"line":217,"column":23},"end":{"line":217,"column":30}},"loc":{"start":{"line":217,"column":37},"end":{"line":224,"column":null}},"line":217},"18":{"name":"(anonymous_18)","decl":{"start":{"line":220,"column":16},"end":{"line":220,"column":26}},"loc":{"start":{"line":220,"column":26},"end":{"line":220,"column":88}},"line":220},"19":{"name":"(anonymous_19)","decl":{"start":{"line":220,"column":68},"end":{"line":220,"column":73}},"loc":{"start":{"line":220,"column":73},"end":{"line":220,"column":84}},"line":220},"20":{"name":"(anonymous_20)","decl":{"start":{"line":226,"column":22},"end":{"line":226,"column":29}},"loc":{"start":{"line":226,"column":41},"end":{"line":260,"column":null}},"line":226},"21":{"name":"(anonymous_21)","decl":{"start":{"line":227,"column":12},"end":{"line":227,"column":13}},"loc":{"start":{"line":227,"column":24},"end":{"line":227,"column":88}},"line":227},"22":{"name":"(anonymous_22)","decl":{"start":{"line":231,"column":41},"end":{"line":231,"column":46}},"loc":{"start":{"line":231,"column":46},"end":{"line":231,"column":63}},"line":231},"23":{"name":"(anonymous_23)","decl":{"start":{"line":237,"column":16},"end":{"line":237,"column":17}},"loc":{"start":{"line":237,"column":28},"end":{"line":250,"column":14}},"line":237},"24":{"name":"(anonymous_24)","decl":{"start":{"line":255,"column":16},"end":{"line":255,"column":17}},"loc":{"start":{"line":255,"column":28},"end":{"line":257,"column":14}},"line":255},"25":{"name":"(anonymous_25)","decl":{"start":{"line":262,"column":17},"end":{"line":262,"column":24}},"loc":{"start":{"line":262,"column":38},"end":{"line":346,"column":null}},"line":262},"26":{"name":"(anonymous_26)","decl":{"start":{"line":266,"column":12},"end":{"line":266,"column":13}},"loc":{"start":{"line":266,"column":24},"end":{"line":268,"column":10}},"line":266},"27":{"name":"(anonymous_27)","decl":{"start":{"line":275,"column":12},"end":{"line":275,"column":13}},"loc":{"start":{"line":275,"column":24},"end":{"line":277,"column":10}},"line":275},"28":{"name":"(anonymous_28)","decl":{"start":{"line":282,"column":67},"end":{"line":282,"column":68}},"loc":{"start":{"line":282,"column":92},"end":{"line":323,"column":13}},"line":282},"29":{"name":"(anonymous_29)","decl":{"start":{"line":287,"column":49},"end":{"line":287,"column":54}},"loc":{"start":{"line":287,"column":54},"end":{"line":287,"column":70}},"line":287},"30":{"name":"(anonymous_30)","decl":{"start":{"line":325,"column":16},"end":{"line":325,"column":17}},"loc":{"start":{"line":325,"column":28},"end":{"line":333,"column":14}},"line":325},"31":{"name":"(anonymous_31)","decl":{"start":{"line":332,"column":70},"end":{"line":332,"column":76}},"loc":{"start":{"line":332,"column":76},"end":{"line":332,"column":92}},"line":332},"32":{"name":"(anonymous_32)","decl":{"start":{"line":340,"column":16},"end":{"line":340,"column":17}},"loc":{"start":{"line":340,"column":28},"end":{"line":344,"column":14}},"line":340},"33":{"name":"(anonymous_33)","decl":{"start":{"line":342,"column":70},"end":{"line":342,"column":76}},"loc":{"start":{"line":342,"column":76},"end":{"line":342,"column":92}},"line":342},"34":{"name":"(anonymous_34)","decl":{"start":{"line":348,"column":17},"end":{"line":348,"column":18}},"loc":{"start":{"line":348,"column":31},"end":{"line":352,"column":null}},"line":348},"35":{"name":"(anonymous_35)","decl":{"start":{"line":348,"column":35},"end":{"line":348,"column":36}},"loc":{"start":{"line":348,"column":47},"end":{"line":352,"column":6}},"line":348},"36":{"name":"(anonymous_36)","decl":{"start":{"line":354,"column":23},"end":{"line":354,"column":24}},"loc":{"start":{"line":354,"column":31},"end":{"line":357,"column":null}},"line":354},"37":{"name":"(anonymous_37)","decl":{"start":{"line":359,"column":17},"end":{"line":359,"column":18}},"loc":{"start":{"line":359,"column":30},"end":{"line":362,"column":null}},"line":359},"38":{"name":"(anonymous_38)","decl":{"start":{"line":364,"column":25},"end":{"line":364,"column":31}},"loc":{"start":{"line":364,"column":31},"end":{"line":364,"column":null}},"line":364},"39":{"name":"(anonymous_39)","decl":{"start":{"line":364,"column":35},"end":{"line":364,"column":36}},"loc":{"start":{"line":364,"column":47},"end":{"line":364,"column":99}},"line":364},"40":{"name":"(anonymous_40)","decl":{"start":{"line":366,"column":17},"end":{"line":366,"column":18}},"loc":{"start":{"line":366,"column":34},"end":{"line":375,"column":null}},"line":366},"41":{"name":"(anonymous_41)","decl":{"start":{"line":367,"column":12},"end":{"line":367,"column":13}},"loc":{"start":{"line":367,"column":24},"end":{"line":374,"column":10}},"line":367},"42":{"name":"(anonymous_42)","decl":{"start":{"line":368,"column":45},"end":{"line":368,"column":null}},"loc":{"start":{"line":369,"column":16},"end":{"line":369,"column":null}},"line":369},"43":{"name":"(anonymous_43)","decl":{"start":{"line":371,"column":49},"end":{"line":371,"column":null}},"loc":{"start":{"line":372,"column":16},"end":{"line":372,"column":null}},"line":372},"44":{"name":"(anonymous_44)","decl":{"start":{"line":377,"column":22},"end":{"line":377,"column":23}},"loc":{"start":{"line":377,"column":43},"end":{"line":386,"column":null}},"line":377},"45":{"name":"(anonymous_45)","decl":{"start":{"line":378,"column":12},"end":{"line":378,"column":13}},"loc":{"start":{"line":378,"column":24},"end":{"line":385,"column":10}},"line":378},"46":{"name":"(anonymous_46)","decl":{"start":{"line":379,"column":45},"end":{"line":379,"column":null}},"loc":{"start":{"line":380,"column":16},"end":{"line":380,"column":null}},"line":380},"47":{"name":"(anonymous_47)","decl":{"start":{"line":382,"column":49},"end":{"line":382,"column":null}},"loc":{"start":{"line":383,"column":16},"end":{"line":383,"column":null}},"line":383},"48":{"name":"(anonymous_48)","decl":{"start":{"line":388,"column":19},"end":{"line":388,"column":20}},"loc":{"start":{"line":388,"column":29},"end":{"line":390,"column":null}},"line":388},"49":{"name":"(anonymous_49)","decl":{"start":{"line":388,"column":33},"end":{"line":388,"column":34}},"loc":{"start":{"line":388,"column":45},"end":{"line":390,"column":6}},"line":388},"50":{"name":"(anonymous_50)","decl":{"start":{"line":392,"column":22},"end":{"line":392,"column":23}},"loc":{"start":{"line":392,"column":32},"end":{"line":394,"column":null}},"line":392},"51":{"name":"(anonymous_51)","decl":{"start":{"line":392,"column":36},"end":{"line":392,"column":37}},"loc":{"start":{"line":392,"column":48},"end":{"line":394,"column":6}},"line":392},"52":{"name":"(anonymous_52)","decl":{"start":{"line":396,"column":17},"end":{"line":396,"column":24}},"loc":{"start":{"line":396,"column":36},"end":{"line":551,"column":null}},"line":396},"53":{"name":"(anonymous_53)","decl":{"start":{"line":413,"column":12},"end":{"line":413,"column":13}},"loc":{"start":{"line":413,"column":24},"end":{"line":420,"column":10}},"line":413},"54":{"name":"(anonymous_54)","decl":{"start":{"line":423,"column":49},"end":{"line":423,"column":54}},"loc":{"start":{"line":423,"column":54},"end":{"line":423,"column":78}},"line":423},"55":{"name":"(anonymous_55)","decl":{"start":{"line":436,"column":16},"end":{"line":436,"column":17}},"loc":{"start":{"line":436,"column":28},"end":{"line":441,"column":14}},"line":436},"56":{"name":"(anonymous_56)","decl":{"start":{"line":450,"column":29},"end":{"line":450,"column":30}},"loc":{"start":{"line":450,"column":40},"end":{"line":461,"column":null}},"line":450},"57":{"name":"(anonymous_57)","decl":{"start":{"line":451,"column":28},"end":{"line":451,"column":29}},"loc":{"start":{"line":451,"column":40},"end":{"line":460,"column":26}},"line":451},"58":{"name":"(anonymous_58)","decl":{"start":{"line":454,"column":104},"end":{"line":454,"column":null}},"loc":{"start":{"line":455,"column":36},"end":{"line":457,"column":null}},"line":455},"59":{"name":"(anonymous_59)","decl":{"start":{"line":462,"column":28},"end":{"line":462,"column":29}},"loc":{"start":{"line":462,"column":38},"end":{"line":473,"column":null}},"line":462},"60":{"name":"(anonymous_60)","decl":{"start":{"line":463,"column":28},"end":{"line":463,"column":29}},"loc":{"start":{"line":463,"column":40},"end":{"line":472,"column":26}},"line":463},"61":{"name":"(anonymous_61)","decl":{"start":{"line":466,"column":104},"end":{"line":466,"column":null}},"loc":{"start":{"line":467,"column":36},"end":{"line":469,"column":null}},"line":467},"62":{"name":"(anonymous_62)","decl":{"start":{"line":474,"column":36},"end":{"line":474,"column":37}},"loc":{"start":{"line":474,"column":46},"end":{"line":505,"column":null}},"line":474},"63":{"name":"(anonymous_63)","decl":{"start":{"line":492,"column":28},"end":{"line":492,"column":29}},"loc":{"start":{"line":492,"column":40},"end":{"line":501,"column":26}},"line":492},"64":{"name":"(anonymous_64)","decl":{"start":{"line":495,"column":104},"end":{"line":495,"column":null}},"loc":{"start":{"line":496,"column":36},"end":{"line":498,"column":null}},"line":496},"65":{"name":"(anonymous_65)","decl":{"start":{"line":506,"column":37},"end":{"line":506,"column":38}},"loc":{"start":{"line":506,"column":50},"end":{"line":516,"column":null}},"line":506},"66":{"name":"(anonymous_66)","decl":{"start":{"line":511,"column":28},"end":{"line":511,"column":29}},"loc":{"start":{"line":511,"column":40},"end":{"line":515,"column":26}},"line":511},"67":{"name":"(anonymous_67)","decl":{"start":{"line":512,"column":59},"end":{"line":512,"column":null}},"loc":{"start":{"line":513,"column":32},"end":{"line":513,"column":null}},"line":513},"68":{"name":"(anonymous_68)","decl":{"start":{"line":517,"column":37},"end":{"line":517,"column":43}},"loc":{"start":{"line":517,"column":43},"end":{"line":520,"column":null}},"line":517},"69":{"name":"(anonymous_69)","decl":{"start":{"line":521,"column":28},"end":{"line":521,"column":34}},"loc":{"start":{"line":521,"column":34},"end":{"line":525,"column":null}},"line":521},"70":{"name":"(anonymous_70)","decl":{"start":{"line":522,"column":28},"end":{"line":522,"column":29}},"loc":{"start":{"line":522,"column":40},"end":{"line":524,"column":26}},"line":522},"71":{"name":"(anonymous_71)","decl":{"start":{"line":523,"column":82},"end":{"line":523,"column":88}},"loc":{"start":{"line":523,"column":88},"end":{"line":523,"column":110}},"line":523},"72":{"name":"(anonymous_72)","decl":{"start":{"line":526,"column":29},"end":{"line":526,"column":35}},"loc":{"start":{"line":526,"column":35},"end":{"line":538,"column":null}},"line":526},"73":{"name":"(anonymous_73)","decl":{"start":{"line":527,"column":28},"end":{"line":527,"column":29}},"loc":{"start":{"line":527,"column":40},"end":{"line":537,"column":26}},"line":527},"74":{"name":"(anonymous_74)","decl":{"start":{"line":530,"column":104},"end":{"line":530,"column":null}},"loc":{"start":{"line":531,"column":36},"end":{"line":533,"column":null}},"line":531},"75":{"name":"(anonymous_75)","decl":{"start":{"line":536,"column":82},"end":{"line":536,"column":88}},"loc":{"start":{"line":536,"column":88},"end":{"line":536,"column":110}},"line":536},"76":{"name":"(anonymous_76)","decl":{"start":{"line":544,"column":16},"end":{"line":544,"column":17}},"loc":{"start":{"line":544,"column":28},"end":{"line":547,"column":14}},"line":544},"77":{"name":"(anonymous_77)","decl":{"start":{"line":545,"column":70},"end":{"line":545,"column":76}},"loc":{"start":{"line":545,"column":76},"end":{"line":545,"column":92}},"line":545},"78":{"name":"(anonymous_78)","decl":{"start":{"line":553,"column":16},"end":{"line":553,"column":22}},"loc":{"start":{"line":553,"column":22},"end":{"line":566,"column":null}},"line":553}},"branchMap":{"0":{"loc":{"start":{"line":120,"column":14},"end":{"line":120,"column":null}},"type":"cond-expr","locations":[{"start":{"line":120,"column":41},"end":{"line":120,"column":53}},{"start":{"line":120,"column":53},"end":{"line":120,"column":null}}],"line":120},"1":{"loc":{"start":{"line":120,"column":53},"end":{"line":120,"column":null}},"type":"binary-expr","locations":[{"start":{"line":120,"column":53},"end":{"line":120,"column":68}},{"start":{"line":120,"column":68},"end":{"line":120,"column":null}}],"line":120},"2":{"loc":{"start":{"line":121,"column":17},"end":{"line":121,"column":null}},"type":"binary-expr","locations":[{"start":{"line":121,"column":17},"end":{"line":121,"column":45}},{"start":{"line":121,"column":45},"end":{"line":121,"column":null}}],"line":121},"3":{"loc":{"start":{"line":121,"column":62},"end":{"line":121,"column":85}},"type":"binary-expr","locations":[{"start":{"line":121,"column":62},"end":{"line":121,"column":77}},{"start":{"line":121,"column":77},"end":{"line":121,"column":85}}],"line":121},"4":{"loc":{"start":{"line":123,"column":17},"end":{"line":123,"column":null}},"type":"cond-expr","locations":[{"start":{"line":123,"column":44},"end":{"line":123,"column":54}},{"start":{"line":123,"column":54},"end":{"line":123,"column":null}}],"line":123},"5":{"loc":{"start":{"line":156,"column":15},"end":{"line":156,"column":null}},"type":"cond-expr","locations":[{"start":{"line":156,"column":35},"end":{"line":156,"column":80}},{"start":{"line":156,"column":80},"end":{"line":156,"column":null}}],"line":156},"6":{"loc":{"start":{"line":156,"column":35},"end":{"line":156,"column":80}},"type":"binary-expr","locations":[{"start":{"line":156,"column":35},"end":{"line":156,"column":74}},{"start":{"line":156,"column":74},"end":{"line":156,"column":80}}],"line":156},"7":{"loc":{"start":{"line":185,"column":26},"end":{"line":185,"column":null}},"type":"binary-expr","locations":[{"start":{"line":185,"column":26},"end":{"line":185,"column":37}},{"start":{"line":185,"column":37},"end":{"line":185,"column":null}}],"line":185},"8":{"loc":{"start":{"line":206,"column":26},"end":{"line":206,"column":null}},"type":"binary-expr","locations":[{"start":{"line":206,"column":26},"end":{"line":206,"column":48}},{"start":{"line":206,"column":48},"end":{"line":206,"column":null}}],"line":206},"9":{"loc":{"start":{"line":229,"column":29},"end":{"line":229,"column":null}},"type":"binary-expr","locations":[{"start":{"line":229,"column":29},"end":{"line":229,"column":40}},{"start":{"line":229,"column":40},"end":{"line":229,"column":null}}],"line":229},"10":{"loc":{"start":{"line":232,"column":26},"end":{"line":232,"column":null}},"type":"cond-expr","locations":[{"start":{"line":232,"column":34},"end":{"line":232,"column":61}},{"start":{"line":232,"column":61},"end":{"line":232,"column":null}}],"line":232},"11":{"loc":{"start":{"line":270,"column":8},"end":{"line":273,"column":null}},"type":"if","locations":[{"start":{"line":270,"column":8},"end":{"line":273,"column":null}},{"start":{},"end":{}}],"line":270},"12":{"loc":{"start":{"line":270,"column":12},"end":{"line":270,"column":85}},"type":"binary-expr","locations":[{"start":{"line":270,"column":12},"end":{"line":270,"column":44}},{"start":{"line":270,"column":44},"end":{"line":270,"column":85}}],"line":270},"13":{"loc":{"start":{"line":284,"column":16},"end":{"line":289,"column":null}},"type":"if","locations":[{"start":{"line":284,"column":16},"end":{"line":289,"column":null}},{"start":{"line":284,"column":47},"end":{"line":289,"column":null}}],"line":284},"14":{"loc":{"start":{"line":284,"column":47},"end":{"line":289,"column":null}},"type":"if","locations":[{"start":{"line":284,"column":47},"end":{"line":289,"column":null}},{"start":{},"end":{}}],"line":284},"15":{"loc":{"start":{"line":288,"column":27},"end":{"line":288,"column":null}},"type":"cond-expr","locations":[{"start":{"line":288,"column":35},"end":{"line":288,"column":48}},{"start":{"line":288,"column":48},"end":{"line":288,"column":null}}],"line":288},"16":{"loc":{"start":{"line":304,"column":31},"end":{"line":304,"column":null}},"type":"cond-expr","locations":[{"start":{"line":304,"column":56},"end":{"line":304,"column":72}},{"start":{"line":304,"column":72},"end":{"line":304,"column":null}}],"line":304},"17":{"loc":{"start":{"line":305,"column":34},"end":{"line":305,"column":null}},"type":"binary-expr","locations":[{"start":{"line":305,"column":34},"end":{"line":305,"column":46}},{"start":{"line":305,"column":46},"end":{"line":305,"column":null}}],"line":305},"18":{"loc":{"start":{"line":307,"column":33},"end":{"line":307,"column":null}},"type":"binary-expr","locations":[{"start":{"line":307,"column":33},"end":{"line":307,"column":66}},{"start":{"line":307,"column":66},"end":{"line":307,"column":null}}],"line":307},"19":{"loc":{"start":{"line":308,"column":44},"end":{"line":308,"column":88}},"type":"binary-expr","locations":[{"start":{"line":308,"column":44},"end":{"line":308,"column":78}},{"start":{"line":308,"column":78},"end":{"line":308,"column":88}}],"line":308},"20":{"loc":{"start":{"line":320,"column":40},"end":{"line":320,"column":84}},"type":"binary-expr","locations":[{"start":{"line":320,"column":40},"end":{"line":320,"column":74}},{"start":{"line":320,"column":74},"end":{"line":320,"column":84}}],"line":320},"21":{"loc":{"start":{"line":321,"column":29},"end":{"line":321,"column":null}},"type":"binary-expr","locations":[{"start":{"line":321,"column":29},"end":{"line":321,"column":62}},{"start":{"line":321,"column":62},"end":{"line":321,"column":null}}],"line":321},"22":{"loc":{"start":{"line":369,"column":16},"end":{"line":369,"column":null}},"type":"cond-expr","locations":[{"start":{"line":369,"column":34},"end":{"line":369,"column":64}},{"start":{"line":369,"column":64},"end":{"line":369,"column":null}}],"line":369},"23":{"loc":{"start":{"line":372,"column":16},"end":{"line":372,"column":null}},"type":"cond-expr","locations":[{"start":{"line":372,"column":34},"end":{"line":372,"column":64}},{"start":{"line":372,"column":64},"end":{"line":372,"column":null}}],"line":372},"24":{"loc":{"start":{"line":380,"column":16},"end":{"line":380,"column":null}},"type":"cond-expr","locations":[{"start":{"line":380,"column":34},"end":{"line":380,"column":72}},{"start":{"line":380,"column":72},"end":{"line":380,"column":null}}],"line":380},"25":{"loc":{"start":{"line":383,"column":16},"end":{"line":383,"column":null}},"type":"cond-expr","locations":[{"start":{"line":383,"column":34},"end":{"line":383,"column":72}},{"start":{"line":383,"column":72},"end":{"line":383,"column":null}}],"line":383},"26":{"loc":{"start":{"line":389,"column":23},"end":{"line":389,"column":null}},"type":"cond-expr","locations":[{"start":{"line":389,"column":44},"end":{"line":389,"column":51}},{"start":{"line":389,"column":51},"end":{"line":389,"column":null}}],"line":389},"27":{"loc":{"start":{"line":393,"column":26},"end":{"line":393,"column":null}},"type":"cond-expr","locations":[{"start":{"line":393,"column":47},"end":{"line":393,"column":54}},{"start":{"line":393,"column":54},"end":{"line":393,"column":null}}],"line":393},"28":{"loc":{"start":{"line":401,"column":8},"end":{"line":403,"column":null}},"type":"if","locations":[{"start":{"line":401,"column":8},"end":{"line":403,"column":null}},{"start":{},"end":{}}],"line":401},"29":{"loc":{"start":{"line":402,"column":53},"end":{"line":402,"column":81}},"type":"binary-expr","locations":[{"start":{"line":402,"column":53},"end":{"line":402,"column":72}},{"start":{"line":402,"column":72},"end":{"line":402,"column":81}}],"line":402},"30":{"loc":{"start":{"line":416,"column":35},"end":{"line":416,"column":79}},"type":"binary-expr","locations":[{"start":{"line":416,"column":35},"end":{"line":416,"column":74}},{"start":{"line":416,"column":74},"end":{"line":416,"column":79}}],"line":416},"31":{"loc":{"start":{"line":425,"column":17},"end":{"line":425,"column":null}},"type":"cond-expr","locations":[{"start":{"line":425,"column":71},"end":{"line":425,"column":83}},{"start":{"line":425,"column":83},"end":{"line":425,"column":null}}],"line":425},"32":{"loc":{"start":{"line":425,"column":17},"end":{"line":425,"column":71}},"type":"binary-expr","locations":[{"start":{"line":425,"column":17},"end":{"line":425,"column":53}},{"start":{"line":425,"column":53},"end":{"line":425,"column":71}}],"line":425},"33":{"loc":{"start":{"line":430,"column":23},"end":{"line":430,"column":null}},"type":"binary-expr","locations":[{"start":{"line":430,"column":23},"end":{"line":430,"column":37}},{"start":{"line":430,"column":37},"end":{"line":430,"column":null}}],"line":430},"34":{"loc":{"start":{"line":433,"column":25},"end":{"line":433,"column":null}},"type":"binary-expr","locations":[{"start":{"line":433,"column":25},"end":{"line":433,"column":44}},{"start":{"line":433,"column":44},"end":{"line":433,"column":null}}],"line":433},"35":{"loc":{"start":{"line":439,"column":39},"end":{"line":439,"column":83}},"type":"binary-expr","locations":[{"start":{"line":439,"column":39},"end":{"line":439,"column":78}},{"start":{"line":439,"column":78},"end":{"line":439,"column":83}}],"line":439},"36":{"loc":{"start":{"line":454,"column":52},"end":{"line":454,"column":100}},"type":"binary-expr","locations":[{"start":{"line":454,"column":52},"end":{"line":454,"column":96}},{"start":{"line":454,"column":96},"end":{"line":454,"column":100}}],"line":454},"37":{"loc":{"start":{"line":455,"column":36},"end":{"line":457,"column":null}},"type":"cond-expr","locations":[{"start":{"line":456,"column":42},"end":{"line":456,"column":null}},{"start":{"line":457,"column":42},"end":{"line":457,"column":null}}],"line":455},"38":{"loc":{"start":{"line":466,"column":52},"end":{"line":466,"column":100}},"type":"binary-expr","locations":[{"start":{"line":466,"column":52},"end":{"line":466,"column":96}},{"start":{"line":466,"column":96},"end":{"line":466,"column":100}}],"line":466},"39":{"loc":{"start":{"line":467,"column":36},"end":{"line":469,"column":null}},"type":"cond-expr","locations":[{"start":{"line":468,"column":42},"end":{"line":468,"column":null}},{"start":{"line":469,"column":42},"end":{"line":469,"column":null}}],"line":467},"40":{"loc":{"start":{"line":483,"column":34},"end":{"line":483,"column":null}},"type":"binary-expr","locations":[{"start":{"line":483,"column":34},"end":{"line":483,"column":65}},{"start":{"line":483,"column":65},"end":{"line":483,"column":null}}],"line":483},"41":{"loc":{"start":{"line":484,"column":38},"end":{"line":484,"column":null}},"type":"binary-expr","locations":[{"start":{"line":484,"column":38},"end":{"line":484,"column":55}},{"start":{"line":484,"column":55},"end":{"line":484,"column":null}}],"line":484},"42":{"loc":{"start":{"line":486,"column":37},"end":{"line":486,"column":null}},"type":"binary-expr","locations":[{"start":{"line":486,"column":37},"end":{"line":486,"column":56}},{"start":{"line":486,"column":56},"end":{"line":486,"column":null}}],"line":486},"43":{"loc":{"start":{"line":495,"column":52},"end":{"line":495,"column":100}},"type":"binary-expr","locations":[{"start":{"line":495,"column":52},"end":{"line":495,"column":96}},{"start":{"line":495,"column":96},"end":{"line":495,"column":100}}],"line":495},"44":{"loc":{"start":{"line":496,"column":36},"end":{"line":498,"column":null}},"type":"cond-expr","locations":[{"start":{"line":497,"column":42},"end":{"line":497,"column":null}},{"start":{"line":498,"column":42},"end":{"line":498,"column":null}}],"line":496},"45":{"loc":{"start":{"line":509,"column":24},"end":{"line":509,"column":null}},"type":"if","locations":[{"start":{"line":509,"column":24},"end":{"line":509,"column":null}},{"start":{},"end":{}}],"line":509},"46":{"loc":{"start":{"line":513,"column":32},"end":{"line":513,"column":null}},"type":"cond-expr","locations":[{"start":{"line":513,"column":54},"end":{"line":513,"column":95}},{"start":{"line":513,"column":95},"end":{"line":513,"column":null}}],"line":513},"47":{"loc":{"start":{"line":530,"column":52},"end":{"line":530,"column":100}},"type":"binary-expr","locations":[{"start":{"line":530,"column":52},"end":{"line":530,"column":96}},{"start":{"line":530,"column":96},"end":{"line":530,"column":100}}],"line":530},"48":{"loc":{"start":{"line":531,"column":36},"end":{"line":533,"column":null}},"type":"cond-expr","locations":[{"start":{"line":532,"column":42},"end":{"line":532,"column":null}},{"start":{"line":533,"column":42},"end":{"line":533,"column":null}}],"line":531},"49":{"loc":{"start":{"line":540,"column":17},"end":{"line":540,"column":null}},"type":"cond-expr","locations":[{"start":{"line":540,"column":56},"end":{"line":540,"column":88}},{"start":{"line":540,"column":88},"end":{"line":540,"column":null}}],"line":540},"50":{"loc":{"start":{"line":540,"column":56},"end":{"line":540,"column":88}},"type":"binary-expr","locations":[{"start":{"line":540,"column":56},"end":{"line":540,"column":75}},{"start":{"line":540,"column":75},"end":{"line":540,"column":88}}],"line":540}},"s":{"0":3,"1":3,"2":3,"3":1,"4":1,"5":1,"6":3,"7":0,"8":0,"9":3,"10":3,"11":0,"12":0,"13":0,"14":0,"15":0,"16":0,"17":0,"18":0,"19":0,"20":0,"21":0,"22":0,"23":0,"24":0,"25":0,"26":0,"27":0,"28":0,"29":0,"30":0,"31":0,"32":0,"33":0,"34":0,"35":0,"36":0,"37":0,"38":0,"39":0,"40":0,"41":0,"42":0,"43":0,"44":0,"45":0,"46":1,"47":1,"48":1,"49":1,"50":1,"51":1,"52":1,"53":1,"54":1,"55":1,"56":1,"57":1,"58":1,"59":0,"60":0,"61":0,"62":0,"63":2,"64":2,"65":2,"66":2,"67":2,"68":0,"69":0,"70":2,"71":2,"72":2,"73":2,"74":2,"75":2,"76":2,"77":2,"78":0,"79":2,"80":2,"81":2,"82":10,"83":2,"84":2,"85":2,"86":2,"87":1,"88":1,"89":1,"90":1,"91":1,"92":2,"93":2,"94":2,"95":2,"96":0,"97":0,"98":0,"99":0,"100":1,"101":1,"102":1,"103":0,"104":0,"105":0,"106":0,"107":0,"108":0,"109":0,"110":0,"111":0,"112":0,"113":0,"114":0,"115":0,"116":0,"117":0,"118":0,"119":1,"120":1,"121":1,"122":1,"123":0,"124":1,"125":1,"126":1,"127":1,"128":1,"129":1,"130":1,"131":1,"132":1,"133":1,"134":1,"135":1,"136":1,"137":1,"138":1,"139":3,"140":0,"141":0,"142":0,"143":1,"144":1,"145":1,"146":1,"147":1,"148":1,"149":3,"150":1,"151":2,"152":2,"153":0,"154":2,"155":2,"156":2,"157":1,"158":1,"159":1,"160":1,"161":0,"162":0,"163":0,"164":0,"165":0,"166":0,"167":0,"168":0,"169":0,"170":5},"f":{"0":1,"1":1,"2":0,"3":0,"4":3,"5":0,"6":0,"7":0,"8":0,"9":0,"10":0,"11":0,"12":0,"13":0,"14":0,"15":0,"16":0,"17":0,"18":0,"19":0,"20":1,"21":1,"22":1,"23":1,"24":0,"25":2,"26":2,"27":2,"28":2,"29":10,"30":2,"31":2,"32":0,"33":0,"34":1,"35":1,"36":1,"37":0,"38":0,"39":0,"40":0,"41":0,"42":0,"43":0,"44":0,"45":0,"46":0,"47":0,"48":0,"49":0,"50":0,"51":0,"52":1,"53":1,"54":1,"55":1,"56":1,"57":1,"58":3,"59":0,"60":0,"61":0,"62":1,"63":1,"64":3,"65":2,"66":2,"67":2,"68":1,"69":1,"70":1,"71":1,"72":0,"73":0,"74":0,"75":0,"76":0,"77":0,"78":5},"b":{"0":[1,0],"1":[0,0],"2":[1,0],"3":[0,0],"4":[0,1],"5":[0,0],"6":[0,0],"7":[0,0],"8":[0,0],"9":[1,1],"10":[1,0],"11":[0,2],"12":[2,0],"13":[0,2],"14":[2,0],"15":[0,2],"16":[0,1],"17":[1,1],"18":[1,1],"19":[1,0],"20":[2,1],"21":[2,2],"22":[0,0],"23":[0,0],"24":[0,0],"25":[0,0],"26":[0,0],"27":[0,0],"28":[0,1],"29":[0,0],"30":[1,0],"31":[1,0],"32":[1,0],"33":[1,1],"34":[1,0],"35":[1,0],"36":[1,0],"37":[1,2],"38":[0,0],"39":[0,0],"40":[1,0],"41":[1,0],"42":[1,0],"43":[1,0],"44":[1,2],"45":[0,2],"46":[2,0],"47":[0,0],"48":[0,0],"49":[0,1],"50":[0,0]},"meta":{"lastBranch":51,"lastFunction":79,"lastStatement":171,"seen":{"s:48:48:54:Infinity":0,"s:57:29:113:Infinity":1,"s:116:23:125:Infinity":2,"f:116:23:116:24":0,"s:117:18:117:Infinity":3,"f:117:30:117:35":1,"s:117:35:117:51":4,"s:118:4:124:Infinity":5,"b:120:41:120:53:120:53:120:Infinity":0,"b:120:53:120:68:120:68:120:Infinity":1,"b:121:17:121:45:121:45:121:Infinity":2,"b:121:62:121:77:121:77:121:85":3,"b:123:44:123:54:123:54:123:Infinity":4,"s:128:31:128:Infinity":6,"f:128:31:128:32":2,"s:128:52:128:Infinity":7,"f:128:66:128:71":3,"s:128:71:128:92":8,"s:130:13:567:Infinity":9,"f:130:46:130:47":4,"s:130:61:567:2":10,"f:154:24:154:30":5,"s:155:56:155:Infinity":11,"s:156:8:156:Infinity":12,"b:156:35:156:80:156:80:156:Infinity":5,"b:156:35:156:74:156:74:156:80":6,"f:159:18:159:24":6,"s:159:24:159:Infinity":13,"f:162:15:162:21":7,"s:162:21:162:Infinity":14,"f:164:19:164:31":8,"s:165:8:170:Infinity":15,"s:166:29:166:Infinity":16,"s:167:12:167:Infinity":17,"s:169:12:169:Infinity":18,"f:173:23:173:35":9,"s:174:8:174:Infinity":19,"f:174:12:174:13":10,"s:174:24:174:86":20,"s:175:8:192:Infinity":21,"s:176:37:176:Infinity":22,"s:178:36:187:Infinity":23,"f:178:57:178:58":11,"s:178:70:187:14":24,"b:185:26:185:37:185:37:185:Infinity":7,"s:188:12:188:Infinity":25,"s:190:32:190:Infinity":26,"s:191:12:191:Infinity":27,"f:191:16:191:17":12,"s:191:28:191:105":28,"f:195:20:195:27":13,"s:196:8:196:Infinity":29,"f:196:12:196:13":14,"s:196:24:196:86":30,"s:197:8:214:Infinity":31,"s:198:33:198:Infinity":32,"s:199:34:208:Infinity":33,"b:206:26:206:48:206:48:206:Infinity":8,"s:209:12:209:Infinity":34,"f:209:16:209:26":15,"s:209:26:209:76":35,"s:211:32:211:Infinity":36,"s:212:12:212:Infinity":37,"f:212:16:212:17":16,"s:212:28:212:105":38,"s:213:12:213:Infinity":39,"f:217:23:217:30":17,"s:218:8:223:Infinity":40,"s:219:12:219:Infinity":41,"s:220:12:220:Infinity":42,"f:220:16:220:26":18,"s:220:26:220:88":43,"f:220:68:220:73":19,"s:220:73:220:84":44,"s:222:12:222:Infinity":45,"f:226:22:226:29":20,"s:227:8:227:Infinity":46,"f:227:12:227:13":21,"s:227:24:227:88":47,"s:228:8:259:Infinity":48,"s:229:29:229:Infinity":49,"b:229:29:229:40:229:40:229:Infinity":9,"s:230:30:230:Infinity":50,"s:231:26:231:Infinity":51,"f:231:41:231:46":22,"s:231:46:231:63":52,"s:232:26:232:Infinity":53,"b:232:34:232:61:232:61:232:Infinity":10,"s:234:31:234:Infinity":54,"s:235:30:235:Infinity":55,"s:237:12:250:Infinity":56,"f:237:16:237:17":23,"s:237:28:250:14":57,"s:252:12:252:Infinity":58,"s:254:32:254:Infinity":59,"s:255:12:257:Infinity":60,"f:255:16:255:17":24,"s:255:28:257:14":61,"s:258:12:258:Infinity":62,"f:262:17:262:24":25,"s:263:64:263:Infinity":63,"s:264:26:264:Infinity":64,"s:266:8:268:Infinity":65,"f:266:12:266:13":26,"s:266:24:268:10":66,"b:270:8:273:Infinity:undefined:undefined:undefined:undefined":11,"s:270:8:273:Infinity":67,"b:270:12:270:44:270:44:270:85":12,"s:271:12:271:Infinity":68,"s:272:12:272:Infinity":69,"s:275:8:277:Infinity":70,"f:275:12:275:13":27,"s:275:24:277:10":71,"s:279:8:345:Infinity":72,"s:280:28:280:Infinity":73,"s:281:49:281:Infinity":74,"s:282:46:323:Infinity":75,"f:282:67:282:68":28,"s:283:33:283:Infinity":76,"b:284:16:289:Infinity:284:47:289:Infinity":13,"s:284:16:289:Infinity":77,"s:284:40:284:Infinity":78,"b:284:47:289:Infinity:undefined:undefined:undefined:undefined":14,"s:284:47:289:Infinity":79,"s:286:36:286:Infinity":80,"s:287:34:287:Infinity":81,"f:287:49:287:54":29,"s:287:54:287:70":82,"s:288:20:288:Infinity":83,"b:288:35:288:48:288:48:288:Infinity":15,"s:293:39:293:Infinity":84,"s:294:38:294:Infinity":85,"s:297:16:314:Infinity":86,"s:298:70:298:Infinity":87,"s:299:26:299:Infinity":88,"s:301:47:309:Infinity":89,"b:304:56:304:72:304:72:304:Infinity":16,"b:305:34:305:46:305:46:305:Infinity":17,"b:307:33:307:66:307:66:307:Infinity":18,"b:308:44:308:78:308:78:308:88":19,"s:311:20:311:Infinity":90,"s:313:20:313:Infinity":91,"s:316:16:322:Infinity":92,"b:320:40:320:74:320:74:320:84":20,"b:321:29:321:62:321:62:321:Infinity":21,"s:325:12:333:Infinity":93,"f:325:16:325:17":30,"s:325:28:333:14":94,"f:332:70:332:76":31,"s:332:76:332:92":95,"s:335:32:339:Infinity":96,"s:340:12:344:Infinity":97,"f:340:16:340:17":32,"s:340:28:344:14":98,"f:342:70:342:76":33,"s:342:76:342:92":99,"f:348:17:348:18":34,"s:348:31:352:Infinity":100,"f:348:35:348:36":35,"s:348:47:352:6":101,"f:354:23:354:24":36,"s:354:31:357:Infinity":102,"f:359:17:359:18":37,"s:360:8:360:Infinity":103,"s:361:8:361:Infinity":104,"f:364:25:364:31":38,"s:364:31:364:Infinity":105,"f:364:35:364:36":39,"s:364:47:364:99":106,"f:366:17:366:18":40,"s:367:8:374:Infinity":107,"f:367:12:367:13":41,"s:367:24:374:10":108,"f:368:45:368:Infinity":42,"s:369:16:369:Infinity":109,"b:369:34:369:64:369:64:369:Infinity":22,"f:371:49:371:Infinity":43,"s:372:16:372:Infinity":110,"b:372:34:372:64:372:64:372:Infinity":23,"f:377:22:377:23":44,"s:378:8:385:Infinity":111,"f:378:12:378:13":45,"s:378:24:385:10":112,"f:379:45:379:Infinity":46,"s:380:16:380:Infinity":113,"b:380:34:380:72:380:72:380:Infinity":24,"f:382:49:382:Infinity":47,"s:383:16:383:Infinity":114,"b:383:34:383:72:383:72:383:Infinity":25,"f:388:19:388:20":48,"s:388:29:390:Infinity":115,"f:388:33:388:34":49,"s:388:45:390:6":116,"b:389:44:389:51:389:51:389:Infinity":26,"f:392:22:392:23":50,"s:392:32:394:Infinity":117,"f:392:36:392:37":51,"s:392:48:394:6":118,"b:393:47:393:54:393:54:393:Infinity":27,"f:396:17:396:24":52,"s:397:54:397:Infinity":119,"s:398:26:398:Infinity":120,"s:400:24:400:Infinity":121,"b:401:8:403:Infinity:undefined:undefined:undefined:undefined":28,"s:401:8:403:Infinity":122,"s:402:12:402:Infinity":123,"b:402:53:402:72:402:72:402:81":29,"s:405:33:410:Infinity":124,"s:413:8:420:Infinity":125,"f:413:12:413:13":53,"s:413:24:420:10":126,"b:416:35:416:74:416:74:416:79":30,"s:422:8:550:Infinity":127,"s:423:34:423:Infinity":128,"f:423:49:423:54":54,"s:423:54:423:78":129,"s:425:17:425:Infinity":130,"b:425:71:425:83:425:83:425:Infinity":31,"b:425:17:425:53:425:53:425:71":32,"s:427:18:427:Infinity":131,"s:428:36:434:Infinity":132,"b:430:23:430:37:430:37:430:Infinity":33,"b:433:25:433:44:433:44:433:Infinity":34,"s:436:12:441:Infinity":133,"f:436:16:436:17":55,"s:436:28:441:14":134,"b:439:39:439:78:439:78:439:83":35,"s:444:36:444:Infinity":135,"s:446:12:541:Infinity":136,"f:450:29:450:30":56,"s:451:24:460:Infinity":137,"f:451:28:451:29":57,"s:451:40:460:26":138,"b:454:52:454:96:454:96:454:100":36,"f:454:104:454:Infinity":58,"s:455:36:457:Infinity":139,"b:456:42:456:Infinity:457:42:457:Infinity":37,"f:462:28:462:29":59,"s:463:24:472:Infinity":140,"f:463:28:463:29":60,"s:463:40:472:26":141,"b:466:52:466:96:466:96:466:100":38,"f:466:104:466:Infinity":61,"s:467:36:469:Infinity":142,"b:468:42:468:Infinity:469:42:469:Infinity":39,"f:474:36:474:37":62,"s:475:104:477:Infinity":143,"s:479:30:479:Infinity":144,"s:480:51:488:Infinity":145,"b:483:34:483:65:483:65:483:Infinity":40,"b:484:38:484:55:484:55:484:Infinity":41,"b:486:37:486:56:486:56:486:Infinity":42,"s:490:24:490:Infinity":146,"s:492:24:501:Infinity":147,"f:492:28:492:29":63,"s:492:40:501:26":148,"b:495:52:495:96:495:96:495:100":43,"f:495:104:495:Infinity":64,"s:496:36:498:Infinity":149,"b:497:42:497:Infinity:498:42:498:Infinity":44,"s:504:24:504:Infinity":150,"f:506:37:506:38":65,"s:508:43:508:Infinity":151,"b:509:24:509:Infinity:undefined:undefined:undefined:undefined":45,"s:509:24:509:Infinity":152,"s:509:41:509:Infinity":153,"s:511:24:515:Infinity":154,"f:511:28:511:29":66,"s:511:40:515:26":155,"f:512:59:512:Infinity":67,"s:513:32:513:Infinity":156,"b:513:54:513:95:513:95:513:Infinity":46,"f:517:37:517:43":68,"s:519:24:519:Infinity":157,"f:521:28:521:34":69,"s:522:24:524:Infinity":158,"f:522:28:522:29":70,"s:522:40:524:26":159,"f:523:82:523:88":71,"s:523:88:523:110":160,"f:526:29:526:35":72,"s:527:24:537:Infinity":161,"f:527:28:527:29":73,"s:527:40:537:26":162,"b:530:52:530:96:530:96:530:100":47,"f:530:104:530:Infinity":74,"s:531:36:533:Infinity":163,"b:532:42:532:Infinity:533:42:533:Infinity":48,"f:536:82:536:88":75,"s:536:88:536:110":164,"b:540:56:540:88:540:88:540:Infinity":49,"b:540:56:540:75:540:75:540:88":50,"s:543:32:543:Infinity":165,"s:544:12:547:Infinity":166,"f:544:16:544:17":76,"s:544:28:547:14":167,"f:545:70:545:76":77,"s:545:76:545:92":168,"s:549:12:549:Infinity":169,"f:553:16:553:22":78,"s:553:22:566:Infinity":170}}}
,"C:\\Users\\Saul\\Documents\\PROGRAMACION\\SPHERE\\frontend\\src\\types\\artifact.ts": {"path":"C:\\Users\\Saul\\Documents\\PROGRAMACION\\SPHERE\\frontend\\src\\types\\artifact.ts","statementMap":{"0":{"start":{"line":16,"column":59},"end":{"line":31,"column":null}},"1":{"start":{"line":33,"column":36},"end":{"line":42,"column":null}},"2":{"start":{"line":34,"column":4},"end":{"line":34,"column":null}},"3":{"start":{"line":34,"column":40},"end":{"line":34,"column":null}},"4":{"start":{"line":35,"column":4},"end":{"line":35,"column":null}},"5":{"start":{"line":35,"column":38},"end":{"line":35,"column":null}},"6":{"start":{"line":36,"column":4},"end":{"line":36,"column":null}},"7":{"start":{"line":36,"column":37},"end":{"line":36,"column":null}},"8":{"start":{"line":37,"column":4},"end":{"line":37,"column":null}},"9":{"start":{"line":37,"column":33},"end":{"line":37,"column":null}},"10":{"start":{"line":38,"column":4},"end":{"line":40,"column":null}},"11":{"start":{"line":39,"column":8},"end":{"line":39,"column":null}},"12":{"start":{"line":41,"column":4},"end":{"line":41,"column":null}}},"fnMap":{"0":{"name":"(anonymous_0)","decl":{"start":{"line":33,"column":36},"end":{"line":33,"column":37}},"loc":{"start":{"line":33,"column":68},"end":{"line":42,"column":null}},"line":33}},"branchMap":{"0":{"loc":{"start":{"line":34,"column":4},"end":{"line":34,"column":null}},"type":"if","locations":[{"start":{"line":34,"column":4},"end":{"line":34,"column":null}},{"start":{},"end":{}}],"line":34},"1":{"loc":{"start":{"line":35,"column":4},"end":{"line":35,"column":null}},"type":"if","locations":[{"start":{"line":35,"column":4},"end":{"line":35,"column":null}},{"start":{},"end":{}}],"line":35},"2":{"loc":{"start":{"line":36,"column":4},"end":{"line":36,"column":null}},"type":"if","locations":[{"start":{"line":36,"column":4},"end":{"line":36,"column":null}},{"start":{},"end":{}}],"line":36},"3":{"loc":{"start":{"line":37,"column":4},"end":{"line":37,"column":null}},"type":"if","locations":[{"start":{"line":37,"column":4},"end":{"line":37,"column":null}},{"start":{},"end":{}}],"line":37},"4":{"loc":{"start":{"line":38,"column":4},"end":{"line":40,"column":null}},"type":"if","locations":[{"start":{"line":38,"column":4},"end":{"line":40,"column":null}},{"start":{},"end":{}}],"line":38},"5":{"loc":{"start":{"line":38,"column":8},"end":{"line":38,"column":55}},"type":"binary-expr","locations":[{"start":{"line":38,"column":8},"end":{"line":38,"column":36}},{"start":{"line":38,"column":36},"end":{"line":38,"column":55}}],"line":38},"6":{"loc":{"start":{"line":39,"column":15},"end":{"line":39,"column":null}},"type":"binary-expr","locations":[{"start":{"line":39,"column":15},"end":{"line":39,"column":57}},{"start":{"line":39,"column":57},"end":{"line":39,"column":null}}],"line":39}},"s":{"0":1,"1":1,"2":0,"3":0,"4":0,"5":0,"6":0,"7":0,"8":0,"9":0,"10":0,"11":0,"12":0},"f":{"0":0},"b":{"0":[0,0],"1":[0,0],"2":[0,0],"3":[0,0],"4":[0,0],"5":[0,0],"6":[0,0]},"meta":{"lastBranch":7,"lastFunction":1,"lastStatement":13,"seen":{"s:16:59:31:Infinity":0,"s:33:36:42:Infinity":1,"f:33:36:33:37":0,"b:34:4:34:Infinity:undefined:undefined:undefined:undefined":0,"s:34:4:34:Infinity":2,"s:34:40:34:Infinity":3,"b:35:4:35:Infinity:undefined:undefined:undefined:undefined":1,"s:35:4:35:Infinity":4,"s:35:38:35:Infinity":5,"b:36:4:36:Infinity:undefined:undefined:undefined:undefined":2,"s:36:4:36:Infinity":6,"s:36:37:36:Infinity":7,"b:37:4:37:Infinity:undefined:undefined:undefined:undefined":3,"s:37:4:37:Infinity":8,"s:37:33:37:Infinity":9,"b:38:4:40:Infinity:undefined:undefined:undefined:undefined":4,"s:38:4:40:Infinity":10,"b:38:8:38:36:38:36:38:55":5,"s:39:8:39:Infinity":11,"b:39:15:39:57:39:57:39:Infinity":6,"s:41:4:41:Infinity":12}}}
,"C:\\Users\\Saul\\Documents\\PROGRAMACION\\SPHERE\\frontend\\tests\\mocks\\handlers.ts": {"path":"C:\\Users\\Saul\\Documents\\PROGRAMACION\\SPHERE\\frontend\\tests\\mocks\\handlers.ts","statementMap":{"0":{"start":{"line":3,"column":24},"end":{"line":40,"column":null}},"1":{"start":{"line":6,"column":8},"end":{"line":16,"column":null}},"2":{"start":{"line":21,"column":8},"end":{"line":30,"column":null}},"3":{"start":{"line":35,"column":8},"end":{"line":38,"column":null}}},"fnMap":{"0":{"name":"(anonymous_0)","decl":{"start":{"line":5,"column":53},"end":{"line":5,"column":59}},"loc":{"start":{"line":5,"column":59},"end":{"line":17,"column":5}},"line":5},"1":{"name":"(anonymous_1)","decl":{"start":{"line":20,"column":66},"end":{"line":20,"column":72}},"loc":{"start":{"line":20,"column":72},"end":{"line":31,"column":5}},"line":20},"2":{"name":"(anonymous_2)","decl":{"start":{"line":34,"column":56},"end":{"line":34,"column":62}},"loc":{"start":{"line":34,"column":62},"end":{"line":39,"column":5}},"line":34}},"branchMap":{},"s":{"0":3,"1":0,"2":0,"3":0},"f":{"0":0,"1":0,"2":0},"b":{},"meta":{"lastBranch":0,"lastFunction":3,"lastStatement":4,"seen":{"s:3:24:40:Infinity":0,"f:5:53:5:59":0,"s:6:8:16:Infinity":1,"f:20:66:20:72":1,"s:21:8:30:Infinity":2,"f:34:56:34:62":2,"s:35:8:38:Infinity":3}}}
}
